{"numFailedTestSuites":0,"numFailedTests":0,"numPassedTestSuites":23,"numPassedTests":83,"numPendingTestSuites":0,"numPendingTests":1,"numRuntimeErrorTestSuites":0,"numTodoTests":0,"numTotalTestSuites":23,"numTotalTests":84,"openHandles":[],"snapshot":{"added":0,"didUpdate":false,"failure":false,"filesAdded":0,"filesRemoved":0,"filesRemovedList":[],"filesUnmatched":0,"filesUpdated":0,"matched":26,"total":26,"unchecked":0,"uncheckedKeysByFile":[],"unmatched":0,"updated":0},"startTime":1648576051181,"success":true,"testResults":[{"assertionResults":[{"ancestorTitles":["StatusPopover"],"failureMessages":[],"fullName":"StatusPopover Step 0","location":null,"status":"passed","title":"Step 0"},{"ancestorTitles":["StatusPopover"],"failureMessages":[],"fullName":"StatusPopover Step 1","location":null,"status":"passed","title":"Step 1"},{"ancestorTitles":["StatusPopover"],"failureMessages":[],"fullName":"StatusPopover Step 2","location":null,"status":"passed","title":"Step 2"},{"ancestorTitles":["StatusPopover"],"failureMessages":[],"fullName":"StatusPopover More than 15 minutes","location":null,"status":"passed","title":"More than 15 minutes"},{"ancestorTitles":["StatusPopover"],"failureMessages":[],"fullName":"StatusPopover More than 30 minutes","location":null,"status":"passed","title":"More than 30 minutes"}],"endTime":1648576060097,"message":"","name":"/Users/sdhaliwa/Desktop/app-services-ui-components/src/Kafka/KafkaInstanceStatus/components/StatusPopover/StatusPopover.test.tsx","startTime":1648576052714,"status":"passed","summary":""},{"assertionResults":[{"ancestorTitles":["KafkaInstanceStatus"],"failureMessages":[],"fullName":"KafkaInstanceStatus Accepted","location":null,"status":"passed","title":"Accepted"},{"ancestorTitles":["KafkaInstanceStatus"],"failureMessages":[],"fullName":"KafkaInstanceStatus Provisioning","location":null,"status":"passed","title":"Provisioning"},{"ancestorTitles":["KafkaInstanceStatus"],"failureMessages":[],"fullName":"KafkaInstanceStatus Preparing","location":null,"status":"passed","title":"Preparing"},{"ancestorTitles":["KafkaInstanceStatus"],"failureMessages":[],"fullName":"KafkaInstanceStatus More than 15 minutes","location":null,"status":"passed","title":"More than 15 minutes"},{"ancestorTitles":["KafkaInstanceStatus"],"failureMessages":[],"fullName":"KafkaInstanceStatus More than 30 minutes","location":null,"status":"passed","title":"More than 30 minutes"},{"ancestorTitles":["KafkaInstanceStatus"],"failureMessages":[],"fullName":"KafkaInstanceStatus Deprovision/Deleting","location":null,"status":"passed","title":"Deprovision/Deleting"},{"ancestorTitles":["KafkaInstanceStatus"],"failureMessages":[],"fullName":"KafkaInstanceStatus Deprovision/Deleting","location":null,"status":"passed","title":"Deprovision/Deleting"},{"ancestorTitles":["KafkaInstanceStatus"],"failureMessages":[],"fullName":"KafkaInstanceStatus Degraded","location":null,"status":"passed","title":"Degraded"}],"endTime":1648576061172,"message":"","name":"/Users/sdhaliwa/Desktop/app-services-ui-components/src/Kafka/KafkaInstanceStatus/KafkaInstanceStatus.test.tsx","startTime":1648576052703,"status":"passed","summary":""},{"assertionResults":[{"ancestorTitles":["DeleteModal"],"failureMessages":[],"fullName":"DeleteModal SynchronousDelete - can delete","location":null,"status":"passed","title":"SynchronousDelete - can delete"},{"ancestorTitles":["DeleteModal"],"failureMessages":[],"fullName":"DeleteModal SynchronousDelete - can cancel","location":null,"status":"passed","title":"SynchronousDelete - can cancel"},{"ancestorTitles":["DeleteModal"],"failureMessages":[],"fullName":"DeleteModal SynchronousDeleteWithError","location":null,"status":"passed","title":"SynchronousDeleteWithError"},{"ancestorTitles":["DeleteModal"],"failureMessages":[],"fullName":"DeleteModal SynchronousDeleteWithConfirmation","location":null,"status":"passed","title":"SynchronousDeleteWithConfirmation"},{"ancestorTitles":["DeleteModal"],"failureMessages":[],"fullName":"DeleteModal AsynchronousDelete - delete button disabled after clicking","location":null,"status":"passed","title":"AsynchronousDelete - delete button disabled after clicking"},{"ancestorTitles":["DeleteModal"],"failureMessages":[],"fullName":"DeleteModal AsynchronousDelete - can retry in case of error","location":null,"status":"passed","title":"AsynchronousDelete - can retry in case of error"},{"ancestorTitles":["DeleteModal"],"failureMessages":[],"fullName":"DeleteModal AsynchronousDelete - can delete","location":null,"status":"passed","title":"AsynchronousDelete - can delete"}],"endTime":1648576061312,"message":"","name":"/Users/sdhaliwa/Desktop/app-services-ui-components/src/shared/DeleteModal/DeleteModal.test.tsx","startTime":1648576052677,"status":"passed","summary":""},{"assertionResults":[{"ancestorTitles":["PermissionsDropdown"],"failureMessages":[],"fullName":"PermissionsDropdown can click on the add permission directly","location":null,"status":"passed","title":"can click on the add permission directly"},{"ancestorTitles":["PermissionsDropdown"],"failureMessages":[],"fullName":"PermissionsDropdown can open the menu and click its options","location":null,"status":"passed","title":"can open the menu and click its options"}],"endTime":1648576061944,"message":"","name":"/Users/sdhaliwa/Desktop/app-services-ui-components/src/Kafka/ManageKafkaPermissions/components/PermissionsDropdown.test.tsx","startTime":1648576060180,"status":"passed","summary":""},{"assertionResults":[{"ancestorTitles":["ResourceTypeOperationFilter"],"failureMessages":[],"fullName":"ResourceTypeOperationFilter should render acls treeview with no items checked and expanded","location":null,"status":"passed","title":"should render acls treeview with no items checked and expanded"},{"ancestorTitles":["ResourceTypeOperationFilter"],"failureMessages":[],"fullName":"ResourceTypeOperationFilter should some items checked by default","location":null,"status":"passed","title":"should some items checked by default"},{"ancestorTitles":["ResourceTypeOperationFilter"],"failureMessages":[],"fullName":"ResourceTypeOperationFilter should checked all the items of each category","location":null,"status":"passed","title":"should checked all the items of each category"},{"ancestorTitles":["ResourceTypeOperationFilter"],"failureMessages":[],"fullName":"ResourceTypeOperationFilter should item checked and expand, collaped based on user iteraction","location":null,"status":"pending","title":"should item checked and expand, collaped based on user iteraction"}],"endTime":1648576061948,"message":"","name":"/Users/sdhaliwa/Desktop/app-services-ui-components/src/Kafka/ManageKafkaPermissions/components/ResourceTypeOperationFilter.test.tsx","startTime":1648576052642,"status":"passed","summary":""},{"assertionResults":[{"ancestorTitles":["FormatDate"],"failureMessages":[],"fullName":"FormatDate RightNow","location":null,"status":"passed","title":"RightNow"},{"ancestorTitles":["FormatDate"],"failureMessages":[],"fullName":"FormatDate AFewMinutesNow","location":null,"status":"passed","title":"AFewMinutesNow"},{"ancestorTitles":["FormatDate"],"failureMessages":[],"fullName":"FormatDate OneHourAgo","location":null,"status":"passed","title":"OneHourAgo"},{"ancestorTitles":["FormatDate"],"failureMessages":[],"fullName":"FormatDate OneDayAgo","location":null,"status":"passed","title":"OneDayAgo"},{"ancestorTitles":["FormatDate"],"failureMessages":[],"fullName":"FormatDate OneMonthAgo","location":null,"status":"passed","title":"OneMonthAgo"},{"ancestorTitles":["FormatDate"],"failureMessages":[],"fullName":"FormatDate OneYearAgo","location":null,"status":"passed","title":"OneYearAgo"},{"ancestorTitles":["FormatDate"],"failureMessages":[],"fullName":"FormatDate CustomFormat","location":null,"status":"passed","title":"CustomFormat"},{"ancestorTitles":["FormatDate"],"failureMessages":[],"fullName":"FormatDate TimeToExpiry","location":null,"status":"passed","title":"TimeToExpiry"}],"endTime":1648576062605,"message":"","name":"/Users/sdhaliwa/Desktop/app-services-ui-components/src/shared/FormatDate/FormatDate.test.tsx","startTime":1648576061274,"status":"passed","summary":""},{"assertionResults":[{"ancestorTitles":[],"failureMessages":[],"fullName":"Renders Accepted story","location":null,"status":"passed","title":"Renders Accepted story"},{"ancestorTitles":[],"failureMessages":[],"fullName":"Renders AllStatutesAtOnce story","location":null,"status":"passed","title":"Renders AllStatutesAtOnce story"},{"ancestorTitles":[],"failureMessages":[],"fullName":"Renders CreatingOver15Minutes story","location":null,"status":"passed","title":"Renders CreatingOver15Minutes story"},{"ancestorTitles":[],"failureMessages":[],"fullName":"Renders CreatingOver30Minutes story","location":null,"status":"passed","title":"Renders CreatingOver30Minutes story"},{"ancestorTitles":[],"failureMessages":[],"fullName":"Renders Degraded story","location":null,"status":"passed","title":"Renders Degraded story"},{"ancestorTitles":[],"failureMessages":[],"fullName":"Renders Deleting story","location":null,"status":"passed","title":"Renders Deleting story"},{"ancestorTitles":[],"failureMessages":[],"fullName":"Renders Deprovision story","location":null,"status":"passed","title":"Renders Deprovision story"},{"ancestorTitles":[],"failureMessages":[],"fullName":"Renders Preparing story","location":null,"status":"passed","title":"Renders Preparing story"},{"ancestorTitles":[],"failureMessages":[],"fullName":"Renders Provisioning story","location":null,"status":"passed","title":"Renders Provisioning story"},{"ancestorTitles":[],"failureMessages":[],"fullName":"Renders Ready story","location":null,"status":"passed","title":"Renders Ready story"}],"endTime":1648576062814,"message":"","name":"/Users/sdhaliwa/Desktop/app-services-ui-components/src/Kafka/KafkaInstanceStatus/components/StatusLabel/StatusLabel.test.tsx","startTime":1648576061337,"status":"passed","summary":""},{"assertionResults":[{"ancestorTitles":["Remove Button component"],"failureMessages":[],"fullName":"Remove Button component on Click remove button","location":null,"status":"passed","title":"on Click remove button"}],"endTime":1648576063062,"message":"","name":"/Users/sdhaliwa/Desktop/app-services-ui-components/src/shared/RemoveButton/RemoveButton.test.tsx","startTime":1648576052733,"status":"passed","summary":""},{"assertionResults":[{"ancestorTitles":["OverviewPage"],"failureMessages":[],"fullName":"OverviewPage renders","location":null,"status":"passed","title":"renders"}],"endTime":1648576063127,"message":"","name":"/Users/sdhaliwa/Desktop/app-services-ui-components/src/AppServices/OverviewPage/OverviewPage.test.tsx","startTime":1648576052635,"status":"passed","summary":""},{"assertionResults":[{"ancestorTitles":[],"failureMessages":[],"fullName":"Renders Default story","location":null,"status":"passed","title":"Renders Default story"},{"ancestorTitles":[],"failureMessages":[],"fullName":"Renders Getting Started story","location":null,"status":"passed","title":"Renders Getting Started story"},{"ancestorTitles":[],"failureMessages":[],"fullName":"Renders No Access story","location":null,"status":"passed","title":"Renders No Access story"},{"ancestorTitles":[],"failureMessages":[],"fullName":"Renders No Items story","location":null,"status":"passed","title":"Renders No Items story"},{"ancestorTitles":[],"failureMessages":[],"fullName":"Renders No Result story","location":null,"status":"passed","title":"Renders No Result story"},{"ancestorTitles":[],"failureMessages":[],"fullName":"Renders Page Not Found story","location":null,"status":"passed","title":"Renders Page Not Found story"},{"ancestorTitles":[],"failureMessages":[],"fullName":"Renders Unexpected Error story","location":null,"status":"passed","title":"Renders Unexpected Error story"}],"endTime":1648576063285,"message":"","name":"/Users/sdhaliwa/Desktop/app-services-ui-components/src/shared/EmptyState/EmptyState.test.tsx","startTime":1648576062008,"status":"passed","summary":""},{"assertionResults":[{"ancestorTitles":["Consumer group details"],"failureMessages":[],"fullName":"Consumer group details Consumer group table should include a topic column at kafka level","location":null,"status":"passed","title":"Consumer group table should include a topic column at kafka level"},{"ancestorTitles":["Consumer group details"],"failureMessages":[],"fullName":"Consumer group details Consumer group table should not include a topic column at topic level","location":null,"status":"passed","title":"Consumer group table should not include a topic column at topic level"},{"ancestorTitles":["Consumer group details"],"failureMessages":[],"fullName":"Consumer group details Consumer group with no active consumers","location":null,"status":"passed","title":"Consumer group with no active consumers"},{"ancestorTitles":["Consumer group details"],"failureMessages":[],"fullName":"Consumer group details Consumer group with 2 active consumers members","location":null,"status":"passed","title":"Consumer group with 2 active consumers members"}],"endTime":1648576063460,"message":"","name":"/Users/sdhaliwa/Desktop/app-services-ui-components/src/Kafka/ConsumerGroups/components/ConsumerGroupDetails.test.tsx","startTime":1648576052595,"status":"passed","summary":""},{"assertionResults":[{"ancestorTitles":[],"failureMessages":[],"fullName":"Renders Loading story","location":null,"status":"passed","title":"Renders Loading story"},{"ancestorTitles":[],"failureMessages":[],"fullName":"Renders QuotaInstance story","location":null,"status":"passed","title":"Renders QuotaInstance story"},{"ancestorTitles":[],"failureMessages":[],"fullName":"Renders TrialInstance story","location":null,"status":"passed","title":"Renders TrialInstance story"}],"endTime":1648576063521,"message":"","name":"/Users/sdhaliwa/Desktop/app-services-ui-components/src/Kafka/CreateKafkaInstance/components/InstanceInfo.test.tsx","startTime":1648576061977,"status":"passed","summary":""},{"assertionResults":[{"ancestorTitles":["ApiManagementPage"],"failureMessages":[],"fullName":"ApiManagementPage renders","location":null,"status":"passed","title":"renders"}],"endTime":1648576063972,"message":"","name":"/Users/sdhaliwa/Desktop/app-services-ui-components/src/AppServices/APIManagement/ApiManagementPage.test.tsx","startTime":1648576062678,"status":"passed","summary":""},{"assertionResults":[{"ancestorTitles":["DataSciencePage"],"failureMessages":[],"fullName":"DataSciencePage renders","location":null,"status":"passed","title":"renders"}],"endTime":1648576064086,"message":"","name":"/Users/sdhaliwa/Desktop/app-services-ui-components/src/AppServices/DataSciencePage/DataSciencePage.test.tsx","startTime":1648576062873,"status":"passed","summary":""},{"assertionResults":[{"ancestorTitles":[],"failureMessages":[],"fullName":"Renders HideDevPreview story","location":null,"status":"passed","title":"Renders HideDevPreview story"},{"ancestorTitles":[],"failureMessages":[],"fullName":"Renders ShowDevPreview story","location":null,"status":"passed","title":"Renders ShowDevPreview story"}],"endTime":1648576064551,"message":"","name":"/Users/sdhaliwa/Desktop/app-services-ui-components/src/shared/DevelopmentPreview/DevelopmentPreview.test.tsx","startTime":1648576063122,"status":"passed","summary":""},{"assertionResults":[{"ancestorTitles":["ReviewPermissionsTable"],"failureMessages":[],"fullName":"ReviewPermissionsTable should render review table with data for 'all accounts'","location":null,"status":"passed","title":"should render review table with data for 'all accounts'"},{"ancestorTitles":["ReviewPermissionsTable"],"failureMessages":[],"fullName":"ReviewPermissionsTable should render review table with selected account and should not have delete button for 'all accounts' rows","location":null,"status":"passed","title":"should render review table with selected account and should not have delete button for 'all accounts' rows"},{"ancestorTitles":["ReviewPermissionsTable"],"failureMessages":[],"fullName":"ReviewPermissionsTable should delete row for 'all accounts' review","location":null,"status":"passed","title":"should delete row for 'all accounts' review"}],"endTime":1648576064851,"message":"","name":"/Users/sdhaliwa/Desktop/app-services-ui-components/src/Kafka/ManageKafkaPermissions/components/ReviewPermissionsTable.test.tsx","startTime":1648576052595,"status":"passed","summary":""},{"assertionResults":[{"ancestorTitles":["ManagePermissionsModal"],"failureMessages":[],"fullName":"ManagePermissionsModal should render a modal with a title and a select component","location":null,"status":"passed","title":"should render a modal with a title and a select component"}],"endTime":1648576064884,"message":"","name":"/Users/sdhaliwa/Desktop/app-services-ui-components/src/Kafka/ManageKafkaPermissions/ManageKafkaPermisions.test.tsx","startTime":1648576052595,"status":"passed","summary":""},{"assertionResults":[{"ancestorTitles":["Select Account"],"failureMessages":[],"fullName":"Select Account should render a select component","location":null,"status":"passed","title":"should render a select component"},{"ancestorTitles":["Select Account"],"failureMessages":[],"fullName":"Select Account should show empty list of options","location":null,"status":"passed","title":"should show empty list of options"},{"ancestorTitles":["Select Account"],"failureMessages":[],"fullName":"Select Account should show list of service accounts while showing empty user accounts","location":null,"status":"passed","title":"should show list of service accounts while showing empty user accounts"},{"ancestorTitles":["Select Account"],"failureMessages":[],"fullName":"Select Account should show list of user accounts while showing empty service accounts","location":null,"status":"passed","title":"should show list of user accounts while showing empty service accounts"},{"ancestorTitles":["Select Account"],"failureMessages":[],"fullName":"Select Account should show a select component ","location":null,"status":"passed","title":"should show a select component "}],"endTime":1648576065339,"message":"","name":"/Users/sdhaliwa/Desktop/app-services-ui-components/src/Kafka/ManageKafkaPermissions/components/SelectAccount.test.tsx","startTime":1648576052624,"status":"passed","summary":""},{"assertionResults":[{"ancestorTitles":["Resource type"],"failureMessages":[],"fullName":"Resource type should render a select component for resource permission","location":null,"status":"passed","title":"should render a select component for resource permission"},{"ancestorTitles":["Resource type"],"failureMessages":[],"fullName":"Resource type should show a select component for resource type with validation error ","location":null,"status":"passed","title":"should show a select component for resource type with validation error "}],"endTime":1648576065401,"message":"","name":"/Users/sdhaliwa/Desktop/app-services-ui-components/src/Kafka/ManageKafkaPermissions/components/ResourcePermission.test.tsx","startTime":1648576063350,"status":"passed","summary":""},{"assertionResults":[{"ancestorTitles":["ConnectionTab"],"failureMessages":[],"fullName":"ConnectionTab renders","location":null,"status":"passed","title":"renders"},{"ancestorTitles":["ConnectionTab"],"failureMessages":[],"fullName":"ConnectionTab should render bootstrap server and Token endpoint URL value when kafka instance creation is done","location":null,"status":"passed","title":"should render bootstrap server and Token endpoint URL value when kafka instance creation is done"},{"ancestorTitles":["ConnectionTab"],"failureMessages":[],"fullName":"ConnectionTab bootstrap server and Token endpoint URL should be disabled when the kafka creating is pending","location":null,"status":"passed","title":"bootstrap server and Token endpoint URL should be disabled when the kafka creating is pending"}],"endTime":1648576065570,"message":"","name":"/Users/sdhaliwa/Desktop/app-services-ui-components/src/Kafka/KafkaInstanceDrawer/kafkaConnectionTab.test.tsx","startTime":1648576063529,"status":"passed","summary":""},{"assertionResults":[{"ancestorTitles":["Resource type"],"failureMessages":[],"fullName":"Resource type should render a select component for resource type","location":null,"status":"passed","title":"should render a select component for resource type"},{"ancestorTitles":["Resource type"],"failureMessages":[],"fullName":"Resource type should show a select component for resource type with validation error ","location":null,"status":"passed","title":"should show a select component for resource type with validation error "},{"ancestorTitles":["Resource type"],"failureMessages":[],"fullName":"Resource type should show a select component for resource type with a valid value selected ","location":null,"status":"passed","title":"should show a select component for resource type with a valid value selected "}],"endTime":1648576065613,"message":"","name":"/Users/sdhaliwa/Desktop/app-services-ui-components/src/Kafka/ManageKafkaPermissions/components/ResourceType.test.tsx","startTime":1648576063188,"status":"passed","summary":""},{"assertionResults":[{"ancestorTitles":["CreateKafkaInstance"],"failureMessages":[],"fullName":"CreateKafkaInstance should persist ouiaComponentId of create instance button","location":null,"status":"passed","title":"should persist ouiaComponentId of create instance button"}],"endTime":1648576067280,"message":"","name":"/Users/sdhaliwa/Desktop/app-services-ui-components/src/Kafka/CreateKafkaInstance/CreateKafkaInstance.test.tsx","startTime":1648576063549,"status":"passed","summary":""},{"assertionResults":[{"ancestorTitles":["Metrics"],"failureMessages":[],"fullName":"Metrics Renders the data and allows for selecting different time ranges and refreshing","location":null,"status":"passed","title":"Renders the data and allows for selecting different time ranges and refreshing"},{"ancestorTitles":["Metrics"],"failureMessages":[],"fullName":"Metrics shows a call to action to create a topic","location":null,"status":"passed","title":"shows a call to action to create a topic"}],"endTime":1648576068077,"message":"","name":"/Users/sdhaliwa/Desktop/app-services-ui-components/src/Kafka/Metrics/Metrics.test.tsx","startTime":1648576052615,"status":"passed","summary":""}],"wasInterrupted":false}