{"numFailedTestSuites":0,"numFailedTests":0,"numPassedTestSuites":23,"numPassedTests":83,"numPendingTestSuites":0,"numPendingTests":1,"numRuntimeErrorTestSuites":0,"numTodoTests":0,"numTotalTestSuites":23,"numTotalTests":84,"openHandles":[],"snapshot":{"added":0,"didUpdate":false,"failure":false,"filesAdded":0,"filesRemoved":0,"filesRemovedList":[],"filesUnmatched":0,"filesUpdated":0,"matched":26,"total":26,"unchecked":0,"uncheckedKeysByFile":[],"unmatched":0,"updated":0},"startTime":1648576051181,"success":true,"testResults":[{"assertionResults":[{"ancestorTitles":["StatusPopover"],"failureMessages":[],"fullName":"StatusPopover Step 0","location":null,"status":"passed","title":"Step 0"},{"ancestorTitles":["StatusPopover"],"failureMessages":[],"fullName":"StatusPopover Step 1","location":null,"status":"passed","title":"Step 1"},{"ancestorTitles":["StatusPopover"],"failureMessages":[],"fullName":"StatusPopover Step 2","location":null,"status":"passed","title":"Step 2"},{"ancestorTitles":["StatusPopover"],"failureMessages":[],"fullName":"StatusPopover More than 15 minutes","location":null,"status":"passed","title":"More than 15 minutes"},{"ancestorTitles":["StatusPopover"],"failureMessages":[],"fullName":"StatusPopover More than 30 minutes","location":null,"status":"passed","title":"More than 30 minutes"}],"endTime":1648576060097,"message":"","name":"/Users/sdhaliwa/Desktop/app-services-ui-components/src/Kafka/KafkaInstanceStatus/components/StatusPopover/StatusPopover.test.tsx","startTime":1648576052714,"status":"passed","summary":""},{"assertionResults":[{"ancestorTitles":["KafkaInstanceStatus"],"failureMessages":[],"fullName":"KafkaInstanceStatus Accepted","location":null,"status":"passed","title":"Accepted"},{"ancestorTitles":["KafkaInstanceStatus"],"failureMessages":[],"fullName":"KafkaInstanceStatus Provisioning","location":null,"status":"passed","title":"Provisioning"},{"ancestorTitles":["KafkaInstanceStatus"],"failureMessages":[],"fullName":"KafkaInstanceStatus Preparing","location":null,"status":"passed","title":"Preparing"},{"ancestorTitles":["KafkaInstanceStatus"],"failureMessages":[],"fullName":"KafkaInstanceStatus More than 15 minutes","location":null,"status":"passed","title":"More than 15 minutes"},{"ancestorTitles":["KafkaInstanceStatus"],"failureMessages":[],"fullName":"KafkaInstanceStatus More than 30 minutes","location":null,"status":"passed","title":"More than 30 minutes"},{"ancestorTitles":["KafkaInstanceStatus"],"failureMessages":[],"fullName":"KafkaInstanceStatus Deprovision/Deleting","location":null,"status":"passed","title":"Deprovision/Deleting"},{"ancestorTitles":["KafkaInstanceStatus"],"failureMessages":[],"fullName":"KafkaInstanceStatus Deprovision/Deleting","location":null,"status":"passed","title":"Deprovision/Deleting"},{"ancestorTitles":["KafkaInstanceStatus"],"failureMessages":[],"fullName":"KafkaInstanceStatus Degraded","location":null,"status":"passed","title":"Degraded"}],"endTime":1648576061172,"message":"","name":"/Users/sdhaliwa/Desktop/app-services-ui-components/src/Kafka/KafkaInstanceStatus/KafkaInstanceStatus.test.tsx","startTime":1648576052703,"status":"passed","summary":""},{"assertionResults":[{"ancestorTitles":["DeleteModal"],"failureMessages":[],"fullName":"DeleteModal SynchronousDelete - can delete","location":null,"status":"passed","title":"SynchronousDelete - can delete"},{"ancestorTitles":["DeleteModal"],"failureMessages":[],"fullName":"DeleteModal SynchronousDelete - can cancel","location":null,"status":"passed","title":"SynchronousDelete - can cancel"},{"ancestorTitles":["DeleteModal"],"failureMessages":[],"fullName":"DeleteModal SynchronousDeleteWithError","location":null,"status":"passed","title":"SynchronousDeleteWithError"},{"ancestorTitles":["DeleteModal"],"failureMessages":[],"fullName":"DeleteModal SynchronousDeleteWithConfirmation","location":null,"status":"passed","title":"SynchronousDeleteWithConfirmation"},{"ancestorTitles":["DeleteModal"],"failureMessages":[],"fullName":"DeleteModal AsynchronousDelete - delete button disabled after clicking","location":null,"status":"passed","title":"AsynchronousDelete - delete button disabled after clicking"},{"ancestorTitles":["DeleteModal"],"failureMessages":[],"fullName":"DeleteModal AsynchronousDelete - can retry in case of error","location":null,"status":"passed","title":"AsynchronousDelete - can retry in case of error"},{"ancestorTitles":["DeleteModal"],"failureMessages":[],"fullName":"DeleteModal AsynchronousDelete - can delete","location":null,"status":"passed","title":"AsynchronousDelete - can delete"}],"endTime":1648576061312,"message":"","name":"/Users/sdhaliwa/Desktop/app-services-ui-components/src/shared/DeleteModal/DeleteModal.test.tsx","startTime":1648576052677,"status":"passed","summary":""},{"assertionResults":[{"ancestorTitles":["PermissionsDropdown"],"failureMessages":[],"fullName":"PermissionsDropdown can click on the add permission directly","location":null,"status":"passed","title":"can click on the add permission directly"},{"ancestorTitles":["PermissionsDropdown"],"failureMessages":[],"fullName":"PermissionsDropdown can open the menu and click its options","location":null,"status":"passed","title":"can open the menu and click its options"}],"endTime":1648576061944,"message":"","name":"/Users/sdhaliwa/Desktop/app-services-ui-components/src/Kafka/ManageKafkaPermissions/components/PermissionsDropdown.test.tsx","startTime":1648576060180,"status":"passed","summary":""},{"assertionResults":[{"ancestorTitles":["ResourceTypeOperationFilter"],"failureMessages":[],"fullName":"ResourceTypeOperationFilter should render acls treeview with no items checked and expanded","location":null,"status":"passed","title":"should render acls treeview with no items checked and expanded"},{"ancestorTitles":["ResourceTypeOperationFilter"],"failureMessages":[],"fullName":"ResourceTypeOperationFilter should some items checked by default","location":null,"status":"passed","title":"should some items checked by default"},{"ancestorTitles":["ResourceTypeOperationFilter"],"failureMessages":[],"fullName":"ResourceTypeOperationFilter should checked all the items of each category","location":null,"status":"passed","title":"should checked all the items of each category"},{"ancestorTitles":["ResourceTypeOperationFilter"],"failureMessages":[],"fullName":"ResourceTypeOperationFilter should item checked and expand, collaped based on user iteraction","location":null,"status":"pending","title":"should item checked and expand, collaped based on user iteraction"}],"endTime":1648576061948,"message":"","name":"/Users/sdhaliwa/Desktop/app-services-ui-components/src/Kafka/ManageKafkaPermissions/components/ResourceTypeOperationFilter.test.tsx","startTime":1648576052642,"status":"passed","summary":""},{"assertionResults":[{"ancestorTitles":["FormatDate"],"failureMessages":[],"fullName":"FormatDate RightNow","location":null,"status":"passed","title":"RightNow"},{"ancestorTitles":["FormatDate"],"failureMessages":[],"fullName":"FormatDate AFewMinutesNow","location":null,"status":"passed","title":"AFewMinutesNow"},{"ancestorTitles":["FormatDate"],"failureMessages":[],"fullName":"FormatDate OneHourAgo","location":null,"status":"passed","title":"OneHourAgo"},{"ancestorTitles":["FormatDate"],"failureMessages":[],"fullName":"FormatDate OneDayAgo","location":null,"status":"passed","title":"OneDayAgo"},{"ancestorTitles":["FormatDate"],"failureMessages":[],"fullName":"FormatDate OneMonthAgo","location":null,"status":"passed","title":"OneMonthAgo"},{"ancestorTitles":["FormatDate"],"failureMessages":[],"fullName":"FormatDate OneYearAgo","location":null,"status":"passed","title":"OneYearAgo"},{"ancestorTitles":["FormatDate"],"failureMessages":[],"fullName":"FormatDate CustomFormat","location":null,"status":"passed","title":"CustomFormat"},{"ancestorTitles":["FormatDate"],"failureMessages":[],"fullName":"FormatDate TimeToExpiry","location":null,"status":"passed","title":"TimeToExpiry"}],"endTime":1648576062605,"message":"","name":"/Users/sdhaliwa/Desktop/app-services-ui-components/src/shared/FormatDate/FormatDate.test.tsx","startTime":1648576061274,"status":"passed","summary":""},{"assertionResults":[{"ancestorTitles":[],"failureMessages":[],"fullName":"Renders Accepted story","location":null,"status":"passed","title":"Renders Accepted story"},{"ancestorTitles":[],"failureMessages":[],"fullName":"Renders AllStatutesAtOnce story","location":null,"status":"passed","title":"Renders AllStatutesAtOnce story"},{"ancestorTitles":[],"failureMessages":[],"fullName":"Renders CreatingOver15Minutes story","location":null,"status":"passed","title":"Renders CreatingOver15Minutes story"},{"ancestorTitles":[],"failureMessages":[],"fullName":"Renders CreatingOver30Minutes story","location":null,"status":"passed","title":"Renders CreatingOver30Minutes story"},{"ancestorTitles":[],"failureMessages":[],"fullName":"Renders Degraded story","location":null,"status":"passed","title":"Renders Degraded story"},{"ancestorTitles":[],"failureMessages":[],"fullName":"Renders Deleting story","location":null,"status":"passed","title":"Renders Deleting story"},{"ancestorTitles":[],"failureMessages":[],"fullName":"Renders Deprovision story","location":null,"status":"passed","title":"Renders Deprovision story"},{"ancestorTitles":[],"failureMessages":[],"fullName":"Renders Preparing story","location":null,"status":"passed","title":"Renders Preparing story"},{"ancestorTitles":[],"failureMessages":[],"fullName":"Renders Provisioning story","location":null,"status":"passed","title":"Renders Provisioning story"},{"ancestorTitles":[],"failureMessages":[],"fullName":"Renders Ready story","location":null,"status":"passed","title":"Renders Ready story"}],"endTime":1648576062814,"message":"","name":"/Users/sdhaliwa/Desktop/app-services-ui-components/src/Kafka/KafkaInstanceStatus/components/StatusLabel/StatusLabel.test.tsx","startTime":1648576061337,"status":"passed","summary":""},{"assertionResults":[{"ancestorTitles":["Remove Button component"],"failureMessages":[],"fullName":"Remove Button component on Click remove button","location":null,"status":"passed","title":"on Click remove button"}],"endTime":1648576063062,"message":"","name":"/Users/sdhaliwa/Desktop/app-services-ui-components/src/shared/RemoveButton/RemoveButton.test.tsx","startTime":1648576052733,"status":"passed","summary":""},{"assertionResults":[{"ancestorTitles":["OverviewPage"],"failureMessages":[],"fullName":"OverviewPage renders","location":null,"status":"passed","title":"renders"}],"endTime":1648576063127,"message":"","name":"/Users/sdhaliwa/Desktop/app-services-ui-components/src/AppServices/OverviewPage/OverviewPage.test.tsx","startTime":1648576052635,"status":"passed","summary":""},{"assertionResults":[{"ancestorTitles":[],"failureMessages":[],"fullName":"Renders Default story","location":null,"status":"passed","title":"Renders Default story"},{"ancestorTitles":[],"failureMessages":[],"fullName":"Renders Getting Started story","location":null,"status":"passed","title":"Renders Getting Started story"},{"ancestorTitles":[],"failureMessages":[],"fullName":"Renders No Access story","location":null,"status":"passed","title":"Renders No Access story"},{"ancestorTitles":[],"failureMessages":[],"fullName":"Renders No Items story","location":null,"status":"passed","title":"Renders No Items story"},{"ancestorTitles":[],"failureMessages":[],"fullName":"Renders No Result story","location":null,"status":"passed","title":"Renders No Result story"},{"ancestorTitles":[],"failureMessages":[],"fullName":"Renders Page Not Found story","location":null,"status":"passed","title":"Renders Page Not Found story"},{"ancestorTitles":[],"failureMessages":[],"fullName":"Renders Unexpected Error story","location":null,"status":"passed","title":"Renders Unexpected Error story"}],"endTime":1648576063285,"message":"","name":"/Users/sdhaliwa/Desktop/app-services-ui-components/src/shared/EmptyState/EmptyState.test.tsx","startTime":1648576062008,"status":"passed","summary":""},{"assertionResults":[{"ancestorTitles":["Consumer group details"],"failureMessages":[],"fullName":"Consumer group details Consumer group table should include a topic column at kafka level","location":null,"status":"passed","title":"Consumer group table should include a topic column at kafka level"},{"ancestorTitles":["Consumer group details"],"failureMessages":[],"fullName":"Consumer group details Consumer group table should not include a topic column at topic level","location":null,"status":"passed","title":"Consumer group table should not include a topic column at topic level"},{"ancestorTitles":["Consumer group details"],"failureMessages":[],"fullName":"Consumer group details Consumer group with no active consumers","location":null,"status":"passed","title":"Consumer group with no active consumers"},{"ancestorTitles":["Consumer group details"],"failureMessages":[],"fullName":"Consumer group details Consumer group with 2 active consumers members","location":null,"status":"passed","title":"Consumer group with 2 active consumers members"}],"endTime":1648576063460,"message":"","name":"/Users/sdhaliwa/Desktop/app-services-ui-components/src/Kafka/ConsumerGroups/components/ConsumerGroupDetails.test.tsx","startTime":1648576052595,"status":"passed","summary":""},{"assertionResults":[{"ancestorTitles":[],"failureMessages":[],"fullName":"Renders Loading story","location":null,"status":"passed","title":"Renders Loading story"},{"ancestorTitles":[],"failureMessages":[],"fullName":"Renders QuotaInstance story","location":null,"status":"passed","title":"Renders QuotaInstance story"},{"ancestorTitles":[],"failureMessages":[],"fullName":"Renders TrialInstance story","location":null,"status":"passed","title":"Renders TrialInstance story"}],"endTime":1648576063521,"message":"","name":"/Users/sdhaliwa/Desktop/app-services-ui-components/src/Kafka/CreateKafkaInstance/components/InstanceInfo.test.tsx","startTime":1648576061977,"status":"passed","summary":""},{"assertionResults":[{"ancestorTitles":["ApiManagementPage"],"failureMessages":[],"fullName":"ApiManagementPage renders","location":null,"status":"passed","title":"renders"}],"endTime":1648576063972,"message":"","name":"/Users/sdhaliwa/Desktop/app-services-ui-components/src/AppServices/APIManagement/ApiManagementPage.test.tsx","startTime":1648576062678,"status":"passed","summary":""},{"assertionResults":[{"ancestorTitles":["DataSciencePage"],"failureMessages":[],"fullName":"DataSciencePage renders","location":null,"status":"passed","title":"renders"}],"endTime":1648576064086,"message":"","name":"/Users/sdhaliwa/Desktop/app-services-ui-components/src/AppServices/DataSciencePage/DataSciencePage.test.tsx","startTime":1648576062873,"status":"passed","summary":""},{"assertionResults":[{"ancestorTitles":[],"failureMessages":[],"fullName":"Renders HideDevPreview story","location":null,"status":"passed","title":"Renders HideDevPreview story"},{"ancestorTitles":[],"failureMessages":[],"fullName":"Renders ShowDevPreview story","location":null,"status":"passed","title":"Renders ShowDevPreview story"}],"endTime":1648576064551,"message":"","name":"/Users/sdhaliwa/Desktop/app-services-ui-components/src/shared/DevelopmentPreview/DevelopmentPreview.test.tsx","startTime":1648576063122,"status":"passed","summary":""},{"assertionResults":[{"ancestorTitles":["ReviewPermissionsTable"],"failureMessages":[],"fullName":"ReviewPermissionsTable should render review table with data for 'all accounts'","location":null,"status":"passed","title":"should render review table with data for 'all accounts'"},{"ancestorTitles":["ReviewPermissionsTable"],"failureMessages":[],"fullName":"ReviewPermissionsTable should render review table with selected account and should not have delete button for 'all accounts' rows","location":null,"status":"passed","title":"should render review table with selected account and should not have delete button for 'all accounts' rows"},{"ancestorTitles":["ReviewPermissionsTable"],"failureMessages":[],"fullName":"ReviewPermissionsTable should delete row for 'all accounts' review","location":null,"status":"passed","title":"should delete row for 'all accounts' review"}],"endTime":1648576064851,"message":"","name":"/Users/sdhaliwa/Desktop/app-services-ui-components/src/Kafka/ManageKafkaPermissions/components/ReviewPermissionsTable.test.tsx","startTime":1648576052595,"status":"passed","summary":""},{"assertionResults":[{"ancestorTitles":["ManagePermissionsModal"],"failureMessages":[],"fullName":"ManagePermissionsModal should render a modal with a title and a select component","location":null,"status":"passed","title":"should render a modal with a title and a select component"}],"endTime":1648576064884,"message":"","name":"/Users/sdhaliwa/Desktop/app-services-ui-components/src/Kafka/ManageKafkaPermissions/ManageKafkaPermisions.test.tsx","startTime":1648576052595,"status":"passed","summary":""},{"assertionResults":[{"ancestorTitles":["Select Account"],"failureMessages":[],"fullName":"Select Account should render a select component","location":null,"status":"passed","title":"should render a select component"},{"ancestorTitles":["Select Account"],"failureMessages":[],"fullName":"Select Account should show empty list of options","location":null,"status":"passed","title":"should show empty list of options"},{"ancestorTitles":["Select Account"],"failureMessages":[],"fullName":"Select Account should show list of service accounts while showing empty user accounts","location":null,"status":"passed","title":"should show list of service accounts while showing empty user accounts"},{"ancestorTitles":["Select Account"],"failureMessages":[],"fullName":"Select Account should show list of user accounts while showing empty service accounts","location":null,"status":"passed","title":"should show list of user accounts while showing empty service accounts"},{"ancestorTitles":["Select Account"],"failureMessages":[],"fullName":"Select Account should show a select component ","location":null,"status":"passed","title":"should show a select component "}],"endTime":1648576065339,"message":"","name":"/Users/sdhaliwa/Desktop/app-services-ui-components/src/Kafka/ManageKafkaPermissions/components/SelectAccount.test.tsx","startTime":1648576052624,"status":"passed","summary":""},{"assertionResults":[{"ancestorTitles":["Resource type"],"failureMessages":[],"fullName":"Resource type should render a select component for resource permission","location":null,"status":"passed","title":"should render a select component for resource permission"},{"ancestorTitles":["Resource type"],"failureMessages":[],"fullName":"Resource type should show a select component for resource type with validation error ","location":null,"status":"passed","title":"should show a select component for resource type with validation error "}],"endTime":1648576065401,"message":"","name":"/Users/sdhaliwa/Desktop/app-services-ui-components/src/Kafka/ManageKafkaPermissions/components/ResourcePermission.test.tsx","startTime":1648576063350,"status":"passed","summary":""},{"assertionResults":[{"ancestorTitles":["ConnectionTab"],"failureMessages":[],"fullName":"ConnectionTab renders","location":null,"status":"passed","title":"renders"},{"ancestorTitles":["ConnectionTab"],"failureMessages":[],"fullName":"ConnectionTab should render bootstrap server and Token endpoint URL value when kafka instance creation is done","location":null,"status":"passed","title":"should render bootstrap server and Token endpoint URL value when kafka instance creation is done"},{"ancestorTitles":["ConnectionTab"],"failureMessages":[],"fullName":"ConnectionTab bootstrap server and Token endpoint URL should be disabled when the kafka creating is pending","location":null,"status":"passed","title":"bootstrap server and Token endpoint URL should be disabled when the kafka creating is pending"}],"endTime":1648576065570,"message":"","name":"/Users/sdhaliwa/Desktop/app-services-ui-components/src/Kafka/KafkaInstanceDrawer/kafkaConnectionTab.test.tsx","startTime":1648576063529,"status":"passed","summary":""},{"assertionResults":[{"ancestorTitles":["Resource type"],"failureMessages":[],"fullName":"Resource type should render a select component for resource type","location":null,"status":"passed","title":"should render a select component for resource type"},{"ancestorTitles":["Resource type"],"failureMessages":[],"fullName":"Resource type should show a select component for resource type with validation error ","location":null,"status":"passed","title":"should show a select component for resource type with validation error "},{"ancestorTitles":["Resource type"],"failureMessages":[],"fullName":"Resource type should show a select component for resource type with a valid value selected ","location":null,"status":"passed","title":"should show a select component for resource type with a valid value selected "}],"endTime":1648576065613,"message":"","name":"/Users/sdhaliwa/Desktop/app-services-ui-components/src/Kafka/ManageKafkaPermissions/components/ResourceType.test.tsx","startTime":1648576063188,"status":"passed","summary":""},{"assertionResults":[{"ancestorTitles":["CreateKafkaInstance"],"failureMessages":[],"fullName":"CreateKafkaInstance should persist ouiaComponentId of create instance button","location":null,"status":"passed","title":"should persist ouiaComponentId of create instance button"}],"endTime":1648576067280,"message":"","name":"/Users/sdhaliwa/Desktop/app-services-ui-components/src/Kafka/CreateKafkaInstance/CreateKafkaInstance.test.tsx","startTime":1648576063549,"status":"passed","summary":""},{"assertionResults":[{"ancestorTitles":["Metrics"],"failureMessages":[],"fullName":"Metrics Renders the data and allows for selecting different time ranges and refreshing","location":null,"status":"passed","title":"Renders the data and allows for selecting different time ranges and refreshing"},{"ancestorTitles":["Metrics"],"failureMessages":[],"fullName":"Metrics shows a call to action to create a topic","location":null,"status":"passed","title":"shows a call to action to create a topic"}],"endTime":1648576068077,"message":"","name":"/Users/sdhaliwa/Desktop/app-services-ui-components/src/Kafka/Metrics/Metrics.test.tsx","startTime":1648576052615,"status":"passed","summary":""}],"wasInterrupted":false}
{
  "numFailedTestSuites": 0,
  "numFailedTests": 0,
  "numPassedTestSuites": 22,
  "numPassedTests": 81,
  "numPendingTestSuites": 0,
  "numPendingTests": 1,
  "numRuntimeErrorTestSuites": 0,
  "numTodoTests": 0,
  "numTotalTestSuites": 22,
  "numTotalTests": 82,
  "openHandles": [],
  "snapshot": {
    "added": 0,
    "didUpdate": false,
    "failure": false,
    "filesAdded": 0,
    "filesRemoved": 0,
    "filesRemovedList": [],
    "filesUnmatched": 0,
    "filesUpdated": 0,
    "matched": 26,
    "total": 26,
    "unchecked": 0,
    "uncheckedKeysByFile": [],
    "unmatched": 0,
    "updated": 0
  },
  "startTime": 1647955042471,
  "success": true,
  "testResults": [
    {
      "assertionResults": [
        {
          "ancestorTitles": ["StatusPopover"],
          "failureMessages": [],
          "fullName": "StatusPopover Step 0",
          "location": null,
          "status": "passed",
          "title": "Step 0"
        },
        {
          "ancestorTitles": ["StatusPopover"],
          "failureMessages": [],
          "fullName": "StatusPopover Step 1",
          "location": null,
          "status": "passed",
          "title": "Step 1"
        },
        {
          "ancestorTitles": ["StatusPopover"],
          "failureMessages": [],
          "fullName": "StatusPopover Step 2",
          "location": null,
          "status": "passed",
          "title": "Step 2"
        },
        {
          "ancestorTitles": ["StatusPopover"],
          "failureMessages": [],
          "fullName": "StatusPopover More than 15 minutes",
          "location": null,
          "status": "passed",
          "title": "More than 15 minutes"
        },
        {
          "ancestorTitles": ["StatusPopover"],
          "failureMessages": [],
          "fullName": "StatusPopover More than 30 minutes",
          "location": null,
          "status": "passed",
          "title": "More than 30 minutes"
        }
      ],
      "endTime": 1647955053388,
      "message": "",
      "name": "/Users/riccardoforina/Code/bf2fc6cc711aee1a0c2a/app-services-ui-components/src/Kafka/KafkaInstanceStatus/components/StatusPopover/StatusPopover.test.tsx",
      "startTime": 1647955043888,
      "status": "passed",
      "summary": ""
    },
    {
      "assertionResults": [
        {
          "ancestorTitles": ["Resource type"],
          "failureMessages": [],
          "fullName": "Resource type should render a select component for resource type",
          "location": null,
          "status": "passed",
          "title": "should render a select component for resource type"
        },
        {
          "ancestorTitles": ["Resource type"],
          "failureMessages": [],
          "fullName": "Resource type should show a select component for resource type with validation error ",
          "location": null,
          "status": "passed",
          "title": "should show a select component for resource type with validation error "
        },
        {
          "ancestorTitles": ["Resource type"],
          "failureMessages": [],
          "fullName": "Resource type should show a select component for resource type with a valid value selected ",
          "location": null,
          "status": "passed",
          "title": "should show a select component for resource type with a valid value selected "
        }
      ],
      "endTime": 1647955053381,
      "message": "",
      "name": "/Users/riccardoforina/Code/bf2fc6cc711aee1a0c2a/app-services-ui-components/src/Kafka/ManageKafkaPermissions/components/ResourceType.test.tsx",
      "startTime": 1647955043891,
      "status": "passed",
      "summary": ""
    },
    {
      "assertionResults": [
        {
          "ancestorTitles": ["ResourceTypeOperationFilter"],
          "failureMessages": [],
          "fullName": "ResourceTypeOperationFilter should render acls treeview with no items checked and expanded",
          "location": null,
          "status": "passed",
          "title": "should render acls treeview with no items checked and expanded"
        },
        {
          "ancestorTitles": ["ResourceTypeOperationFilter"],
          "failureMessages": [],
          "fullName": "ResourceTypeOperationFilter should some items checked by default",
          "location": null,
          "status": "passed",
          "title": "should some items checked by default"
        },
        {
          "ancestorTitles": ["ResourceTypeOperationFilter"],
          "failureMessages": [],
          "fullName": "ResourceTypeOperationFilter should checked all the items of each category",
          "location": null,
          "status": "passed",
          "title": "should checked all the items of each category"
        },
        {
          "ancestorTitles": ["ResourceTypeOperationFilter"],
          "failureMessages": [],
          "fullName": "ResourceTypeOperationFilter should item checked and expand, collaped based on user iteraction",
          "location": null,
          "status": "pending",
          "title": "should item checked and expand, collaped based on user iteraction"
        }
      ],
      "endTime": 1647955053982,
      "message": "",
      "name": "/Users/riccardoforina/Code/bf2fc6cc711aee1a0c2a/app-services-ui-components/src/Kafka/ManageKafkaPermissions/components/ResourceTypeOperationFilter.test.tsx",
      "startTime": 1647955043893,
      "status": "passed",
      "summary": ""
    },
    {
      "assertionResults": [
        {
          "ancestorTitles": ["KafkaInstanceStatus"],
          "failureMessages": [],
          "fullName": "KafkaInstanceStatus Accepted",
          "location": null,
          "status": "passed",
          "title": "Accepted"
        },
        {
          "ancestorTitles": ["KafkaInstanceStatus"],
          "failureMessages": [],
          "fullName": "KafkaInstanceStatus Provisioning",
          "location": null,
          "status": "passed",
          "title": "Provisioning"
        },
        {
          "ancestorTitles": ["KafkaInstanceStatus"],
          "failureMessages": [],
          "fullName": "KafkaInstanceStatus Preparing",
          "location": null,
          "status": "passed",
          "title": "Preparing"
        },
        {
          "ancestorTitles": ["KafkaInstanceStatus"],
          "failureMessages": [],
          "fullName": "KafkaInstanceStatus More than 15 minutes",
          "location": null,
          "status": "passed",
          "title": "More than 15 minutes"
        },
        {
          "ancestorTitles": ["KafkaInstanceStatus"],
          "failureMessages": [],
          "fullName": "KafkaInstanceStatus More than 30 minutes",
          "location": null,
          "status": "passed",
          "title": "More than 30 minutes"
        },
        {
          "ancestorTitles": ["KafkaInstanceStatus"],
          "failureMessages": [],
          "fullName": "KafkaInstanceStatus Deprovision/Deleting",
          "location": null,
          "status": "passed",
          "title": "Deprovision/Deleting"
        },
        {
          "ancestorTitles": ["KafkaInstanceStatus"],
          "failureMessages": [],
          "fullName": "KafkaInstanceStatus Deprovision/Deleting",
          "location": null,
          "status": "passed",
          "title": "Deprovision/Deleting"
        },
        {
          "ancestorTitles": ["KafkaInstanceStatus"],
          "failureMessages": [],
          "fullName": "KafkaInstanceStatus Degraded",
          "location": null,
          "status": "passed",
          "title": "Degraded"
        }
      ],
      "endTime": 1647955054459,
      "message": "",
      "name": "/Users/riccardoforina/Code/bf2fc6cc711aee1a0c2a/app-services-ui-components/src/Kafka/KafkaInstanceStatus/KafkaInstanceStatus.test.tsx",
      "startTime": 1647955043897,
      "status": "passed",
      "summary": ""
    },
    {
      "assertionResults": [
        {
          "ancestorTitles": ["DeleteModal"],
          "failureMessages": [],
          "fullName": "DeleteModal SynchronousDelete - can delete",
          "location": null,
          "status": "passed",
          "title": "SynchronousDelete - can delete"
        },
        {
          "ancestorTitles": ["DeleteModal"],
          "failureMessages": [],
          "fullName": "DeleteModal SynchronousDelete - can cancel",
          "location": null,
          "status": "passed",
          "title": "SynchronousDelete - can cancel"
        },
        {
          "ancestorTitles": ["DeleteModal"],
          "failureMessages": [],
          "fullName": "DeleteModal SynchronousDeleteWithError",
          "location": null,
          "status": "passed",
          "title": "SynchronousDeleteWithError"
        },
        {
          "ancestorTitles": ["DeleteModal"],
          "failureMessages": [],
          "fullName": "DeleteModal SynchronousDeleteWithConfirmation",
          "location": null,
          "status": "passed",
          "title": "SynchronousDeleteWithConfirmation"
        },
        {
          "ancestorTitles": ["DeleteModal"],
          "failureMessages": [],
          "fullName": "DeleteModal AsynchronousDelete - delete button disabled after clicking",
          "location": null,
          "status": "passed",
          "title": "AsynchronousDelete - delete button disabled after clicking"
        },
        {
          "ancestorTitles": ["DeleteModal"],
          "failureMessages": [],
          "fullName": "DeleteModal AsynchronousDelete - can retry in case of error",
          "location": null,
          "status": "passed",
          "title": "AsynchronousDelete - can retry in case of error"
        },
        {
          "ancestorTitles": ["DeleteModal"],
          "failureMessages": [],
          "fullName": "DeleteModal AsynchronousDelete - can delete",
          "location": null,
          "status": "passed",
          "title": "AsynchronousDelete - can delete"
        }
      ],
      "endTime": 1647955055205,
      "message": "",
      "name": "/Users/riccardoforina/Code/bf2fc6cc711aee1a0c2a/app-services-ui-components/src/shared/DeleteModal/DeleteModal.test.tsx",
      "startTime": 1647955043908,
      "status": "passed",
      "summary": ""
    },
    {
      "assertionResults": [
        {
          "ancestorTitles": ["PermissionsDropdown"],
          "failureMessages": [],
          "fullName": "PermissionsDropdown can click on the add permission directly",
          "location": null,
          "status": "passed",
          "title": "can click on the add permission directly"
        },
        {
          "ancestorTitles": ["PermissionsDropdown"],
          "failureMessages": [],
          "fullName": "PermissionsDropdown can open the menu and click its options",
          "location": null,
          "status": "passed",
          "title": "can open the menu and click its options"
        }
      ],
      "endTime": 1647955058237,
      "message": "",
      "name": "/Users/riccardoforina/Code/bf2fc6cc711aee1a0c2a/app-services-ui-components/src/Kafka/ManageKafkaPermissions/components/PermissionsDropdown.test.tsx",
      "startTime": 1647955053749,
      "status": "passed",
      "summary": ""
    },
    {
      "assertionResults": [
        {
          "ancestorTitles": ["FormatDate"],
          "failureMessages": [],
          "fullName": "FormatDate RightNow",
          "location": null,
          "status": "passed",
          "title": "RightNow"
        },
        {
          "ancestorTitles": ["FormatDate"],
          "failureMessages": [],
          "fullName": "FormatDate AFewMinutesNow",
          "location": null,
          "status": "passed",
          "title": "AFewMinutesNow"
        },
        {
          "ancestorTitles": ["FormatDate"],
          "failureMessages": [],
          "fullName": "FormatDate OneHourAgo",
          "location": null,
          "status": "passed",
          "title": "OneHourAgo"
        },
        {
          "ancestorTitles": ["FormatDate"],
          "failureMessages": [],
          "fullName": "FormatDate OneDayAgo",
          "location": null,
          "status": "passed",
          "title": "OneDayAgo"
        },
        {
          "ancestorTitles": ["FormatDate"],
          "failureMessages": [],
          "fullName": "FormatDate OneMonthAgo",
          "location": null,
          "status": "passed",
          "title": "OneMonthAgo"
        },
        {
          "ancestorTitles": ["FormatDate"],
          "failureMessages": [],
          "fullName": "FormatDate OneYearAgo",
          "location": null,
          "status": "passed",
          "title": "OneYearAgo"
        },
        {
          "ancestorTitles": ["FormatDate"],
          "failureMessages": [],
          "fullName": "FormatDate CustomFormat",
          "location": null,
          "status": "passed",
          "title": "CustomFormat"
        },
        {
          "ancestorTitles": ["FormatDate"],
          "failureMessages": [],
          "fullName": "FormatDate TimeToExpiry",
          "location": null,
          "status": "passed",
          "title": "TimeToExpiry"
        }
      ],
      "endTime": 1647955059095,
      "message": "",
      "name": "/Users/riccardoforina/Code/bf2fc6cc711aee1a0c2a/app-services-ui-components/src/shared/FormatDate/FormatDate.test.tsx",
      "startTime": 1647955054704,
      "status": "passed",
      "summary": ""
    },
    {
      "assertionResults": [
        {
          "ancestorTitles": ["ConnectionTab"],
          "failureMessages": [],
          "fullName": "ConnectionTab renders",
          "location": null,
          "status": "passed",
          "title": "renders"
        },
        {
          "ancestorTitles": ["ConnectionTab"],
          "failureMessages": [],
          "fullName": "ConnectionTab should render bootstrap server and Token endpoint URL value when kafka instance creation is done",
          "location": null,
          "status": "passed",
          "title": "should render bootstrap server and Token endpoint URL value when kafka instance creation is done"
        },
        {
          "ancestorTitles": ["ConnectionTab"],
          "failureMessages": [],
          "fullName": "ConnectionTab bootstrap server and Token endpoint URL should be disabled when the kafka creating is pending",
          "location": null,
          "status": "passed",
          "title": "bootstrap server and Token endpoint URL should be disabled when the kafka creating is pending"
        }
      ],
      "endTime": 1647955086046,
      "message": "",
      "name": "/Users/riccardoforina/Code/bf2fc6cc711aee1a0c2a/app-services-ui-components/src/Kafka/KafkaInstanceDrawer/kafkaConnectionTab.test.tsx",
      "startTime": 1647955058681,
      "status": "passed",
      "summary": ""
    },
    {
      "assertionResults": [
        {
          "ancestorTitles": ["OverviewPage"],
          "failureMessages": [],
          "fullName": "OverviewPage renders",
          "location": null,
          "status": "passed",
          "title": "renders"
        }
      ],
      "endTime": 1647955086045,
      "message": "",
      "name": "/Users/riccardoforina/Code/bf2fc6cc711aee1a0c2a/app-services-ui-components/src/AppServices/OverviewPage/OverviewPage.test.tsx",
      "startTime": 1647955059682,
      "status": "passed",
      "summary": ""
    },
    {
      "assertionResults": [
        {
          "ancestorTitles": ["Consumer group details"],
          "failureMessages": [],
          "fullName": "Consumer group details Consumer group table should include a topic column at kafka level",
          "location": null,
          "status": "passed",
          "title": "Consumer group table should include a topic column at kafka level"
        },
        {
          "ancestorTitles": ["Consumer group details"],
          "failureMessages": [],
          "fullName": "Consumer group details Consumer group table should not include a topic column at topic level",
          "location": null,
          "status": "passed",
          "title": "Consumer group table should not include a topic column at topic level"
        },
        {
          "ancestorTitles": ["Consumer group details"],
          "failureMessages": [],
          "fullName": "Consumer group details Consumer group with no active consumers",
          "location": null,
          "status": "passed",
          "title": "Consumer group with no active consumers"
        },
        {
          "ancestorTitles": ["Consumer group details"],
          "failureMessages": [],
          "fullName": "Consumer group details Consumer group with 2 active consumers members",
          "location": null,
          "status": "passed",
          "title": "Consumer group with 2 active consumers members"
        }
      ],
      "endTime": 1647955086134,
      "message": "",
      "name": "/Users/riccardoforina/Code/bf2fc6cc711aee1a0c2a/app-services-ui-components/src/Kafka/ConsumerGroups/components/ConsumerGroupDetails.test.tsx",
      "startTime": 1647955054003,
      "status": "passed",
      "summary": ""
    },
    {
      "assertionResults": [
        {
          "ancestorTitles": ["ReviewPermissionsTable"],
          "failureMessages": [],
          "fullName": "ReviewPermissionsTable should render review table with data for 'all accounts'",
          "location": null,
          "status": "passed",
          "title": "should render review table with data for 'all accounts'"
        },
        {
          "ancestorTitles": ["ReviewPermissionsTable"],
          "failureMessages": [],
          "fullName": "ReviewPermissionsTable should render review table with selected account and should not have delete button for 'all accounts' rows",
          "location": null,
          "status": "passed",
          "title": "should render review table with selected account and should not have delete button for 'all accounts' rows"
        },
        {
          "ancestorTitles": ["ReviewPermissionsTable"],
          "failureMessages": [],
          "fullName": "ReviewPermissionsTable should delete row for 'all accounts' review",
          "location": null,
          "status": "passed",
          "title": "should delete row for 'all accounts' review"
        }
      ],
      "endTime": 1647955086796,
      "message": "",
      "name": "/Users/riccardoforina/Code/bf2fc6cc711aee1a0c2a/app-services-ui-components/src/Kafka/ManageKafkaPermissions/components/ReviewPermissionsTable.test.tsx",
      "startTime": 1647955043892,
      "status": "passed",
      "summary": ""
    },
    {
      "assertionResults": [
        {
          "ancestorTitles": ["ManagePermissionsModal"],
          "failureMessages": [],
          "fullName": "ManagePermissionsModal should render a modal with a title and a select component",
          "location": null,
          "status": "passed",
          "title": "should render a modal with a title and a select component"
        }
      ],
      "endTime": 1647955086903,
      "message": "",
      "name": "/Users/riccardoforina/Code/bf2fc6cc711aee1a0c2a/app-services-ui-components/src/Kafka/ManageKafkaPermissions/ManageKafkaPermisions.test.tsx",
      "startTime": 1647955055703,
      "status": "passed",
      "summary": ""
    },
    {
      "assertionResults": [
        {
          "ancestorTitles": ["Select Account"],
          "failureMessages": [],
          "fullName": "Select Account should render a select component",
          "location": null,
          "status": "passed",
          "title": "should render a select component"
        },
        {
          "ancestorTitles": ["Select Account"],
          "failureMessages": [],
          "fullName": "Select Account should show empty list of options",
          "location": null,
          "status": "passed",
          "title": "should show empty list of options"
        },
        {
          "ancestorTitles": ["Select Account"],
          "failureMessages": [],
          "fullName": "Select Account should show list of service accounts while showing empty user accounts",
          "location": null,
          "status": "passed",
          "title": "should show list of service accounts while showing empty user accounts"
        },
        {
          "ancestorTitles": ["Select Account"],
          "failureMessages": [],
          "fullName": "Select Account should show list of user accounts while showing empty service accounts",
          "location": null,
          "status": "passed",
          "title": "should show list of user accounts while showing empty service accounts"
        },
        {
          "ancestorTitles": ["Select Account"],
          "failureMessages": [],
          "fullName": "Select Account should show a select component ",
          "location": null,
          "status": "passed",
          "title": "should show a select component "
        }
      ],
      "endTime": 1647955087430,
      "message": "",
      "name": "/Users/riccardoforina/Code/bf2fc6cc711aee1a0c2a/app-services-ui-components/src/Kafka/ManageKafkaPermissions/components/SelectAccount.test.tsx",
      "startTime": 1647955043892,
      "status": "passed",
      "summary": ""
    },
    {
      "assertionResults": [
        {
          "ancestorTitles": [],
          "failureMessages": [],
          "fullName": "Renders Loading story",
          "location": null,
          "status": "passed",
          "title": "Renders Loading story"
        },
        {
          "ancestorTitles": [],
          "failureMessages": [],
          "fullName": "Renders QuotaInstance story",
          "location": null,
          "status": "passed",
          "title": "Renders QuotaInstance story"
        },
        {
          "ancestorTitles": [],
          "failureMessages": [],
          "fullName": "Renders TrialInstance story",
          "location": null,
          "status": "passed",
          "title": "Renders TrialInstance story"
        }
      ],
      "endTime": 1647955088323,
      "message": "",
      "name": "/Users/riccardoforina/Code/bf2fc6cc711aee1a0c2a/app-services-ui-components/src/Kafka/CreateKafkaInstance/components/InstanceInfo.test.tsx",
      "startTime": 1647955086167,
      "status": "passed",
      "summary": ""
    },
    {
      "assertionResults": [
        {
          "ancestorTitles": [],
          "failureMessages": [],
          "fullName": "Renders Accepted story",
          "location": null,
          "status": "passed",
          "title": "Renders Accepted story"
        },
        {
          "ancestorTitles": [],
          "failureMessages": [],
          "fullName": "Renders AllStatutesAtOnce story",
          "location": null,
          "status": "passed",
          "title": "Renders AllStatutesAtOnce story"
        },
        {
          "ancestorTitles": [],
          "failureMessages": [],
          "fullName": "Renders CreatingOver15Minutes story",
          "location": null,
          "status": "passed",
          "title": "Renders CreatingOver15Minutes story"
        },
        {
          "ancestorTitles": [],
          "failureMessages": [],
          "fullName": "Renders CreatingOver30Minutes story",
          "location": null,
          "status": "passed",
          "title": "Renders CreatingOver30Minutes story"
        },
        {
          "ancestorTitles": [],
          "failureMessages": [],
          "fullName": "Renders Degraded story",
          "location": null,
          "status": "passed",
          "title": "Renders Degraded story"
        },
        {
          "ancestorTitles": [],
          "failureMessages": [],
          "fullName": "Renders Deleting story",
          "location": null,
          "status": "passed",
          "title": "Renders Deleting story"
        },
        {
          "ancestorTitles": [],
          "failureMessages": [],
          "fullName": "Renders Deprovision story",
          "location": null,
          "status": "passed",
          "title": "Renders Deprovision story"
        },
        {
          "ancestorTitles": [],
          "failureMessages": [],
          "fullName": "Renders Preparing story",
          "location": null,
          "status": "passed",
          "title": "Renders Preparing story"
        },
        {
          "ancestorTitles": [],
          "failureMessages": [],
          "fullName": "Renders Provisioning story",
          "location": null,
          "status": "passed",
          "title": "Renders Provisioning story"
        },
        {
          "ancestorTitles": [],
          "failureMessages": [],
          "fullName": "Renders Ready story",
          "location": null,
          "status": "passed",
          "title": "Renders Ready story"
        }
      ],
      "endTime": 1647955088444,
      "message": "",
      "name": "/Users/riccardoforina/Code/bf2fc6cc711aee1a0c2a/app-services-ui-components/src/Kafka/KafkaInstanceStatus/components/StatusLabel/StatusLabel.test.tsx",
      "startTime": 1647955086066,
      "status": "passed",
      "summary": ""
    },
    {
      "assertionResults": [
        {
          "ancestorTitles": [],
          "failureMessages": [],
          "fullName": "Renders HideDevPreview story",
          "location": null,
          "status": "passed",
          "title": "Renders HideDevPreview story"
        },
        {
          "ancestorTitles": [],
          "failureMessages": [],
          "fullName": "Renders ShowDevPreview story",
          "location": null,
          "status": "passed",
          "title": "Renders ShowDevPreview story"
        }
      ],
      "endTime": 1647955088894,
      "message": "",
      "name": "/Users/riccardoforina/Code/bf2fc6cc711aee1a0c2a/app-services-ui-components/src/shared/DevelopmentPreview/DevelopmentPreview.test.tsx",
      "startTime": 1647955086962,
      "status": "passed",
      "summary": ""
    },
    {
      "assertionResults": [
        {
          "ancestorTitles": [],
          "failureMessages": [],
          "fullName": "Renders Default story",
          "location": null,
          "status": "passed",
          "title": "Renders Default story"
        },
        {
          "ancestorTitles": [],
          "failureMessages": [],
          "fullName": "Renders Getting Started story",
          "location": null,
          "status": "passed",
          "title": "Renders Getting Started story"
        },
        {
          "ancestorTitles": [],
          "failureMessages": [],
          "fullName": "Renders No Access story",
          "location": null,
          "status": "passed",
          "title": "Renders No Access story"
        },
        {
          "ancestorTitles": [],
          "failureMessages": [],
          "fullName": "Renders No Items story",
          "location": null,
          "status": "passed",
          "title": "Renders No Items story"
        },
        {
          "ancestorTitles": [],
          "failureMessages": [],
          "fullName": "Renders No Result story",
          "location": null,
          "status": "passed",
          "title": "Renders No Result story"
        },
        {
          "ancestorTitles": [],
          "failureMessages": [],
          "fullName": "Renders Page Not Found story",
          "location": null,
          "status": "passed",
          "title": "Renders Page Not Found story"
        },
        {
          "ancestorTitles": [],
          "failureMessages": [],
          "fullName": "Renders Unexpected Error story",
          "location": null,
          "status": "passed",
          "title": "Renders Unexpected Error story"
        }
      ],
      "endTime": 1647955089032,
      "message": "",
      "name": "/Users/riccardoforina/Code/bf2fc6cc711aee1a0c2a/app-services-ui-components/src/shared/EmptyState/EmptyState.test.tsx",
      "startTime": 1647955087696,
      "status": "passed",
      "summary": ""
    },
    {
      "assertionResults": [
        {
          "ancestorTitles": ["Remove Button component"],
          "failureMessages": [],
          "fullName": "Remove Button component on Click remove button",
          "location": null,
          "status": "passed",
          "title": "on Click remove button"
        }
      ],
      "endTime": 1647955090770,
      "message": "",
      "name": "/Users/riccardoforina/Code/bf2fc6cc711aee1a0c2a/app-services-ui-components/src/shared/RemoveButton/RemoveButton.test.tsx",
      "startTime": 1647955086867,
      "status": "passed",
      "summary": ""
    },
    {
      "assertionResults": [
        {
          "ancestorTitles": ["ApiManagementPage"],
          "failureMessages": [],
          "fullName": "ApiManagementPage renders",
          "location": null,
          "status": "passed",
          "title": "renders"
        }
      ],
      "endTime": 1647955090969,
      "message": "",
      "name": "/Users/riccardoforina/Code/bf2fc6cc711aee1a0c2a/app-services-ui-components/src/AppServices/APIManagement/ApiManagementPage.test.tsx",
      "startTime": 1647955088340,
      "status": "passed",
      "summary": ""
    },
    {
      "assertionResults": [
        {
          "ancestorTitles": ["CreateKafkaInstance"],
          "failureMessages": [],
          "fullName": "CreateKafkaInstance should persist ouiaComponentId of create instance button",
          "location": null,
          "status": "passed",
          "title": "should persist ouiaComponentId of create instance button"
        }
      ],
      "endTime": 1647955090979,
      "message": "",
      "name": "/Users/riccardoforina/Code/bf2fc6cc711aee1a0c2a/app-services-ui-components/src/Kafka/CreateKafkaInstance/CreateKafkaInstance.test.tsx",
      "startTime": 1647955086060,
      "status": "passed",
      "summary": ""
    },
    {
      "assertionResults": [
        {
          "ancestorTitles": ["DataSciencePage"],
          "failureMessages": [],
          "fullName": "DataSciencePage renders",
          "location": null,
          "status": "passed",
          "title": "renders"
        }
      ],
      "endTime": 1647955091772,
      "message": "",
      "name": "/Users/riccardoforina/Code/bf2fc6cc711aee1a0c2a/app-services-ui-components/src/AppServices/DataSciencePage/DataSciencePage.test.tsx",
      "startTime": 1647955088673,
      "status": "passed",
      "summary": ""
    },
    {
      "assertionResults": [
        {
          "ancestorTitles": ["Metrics"],
          "failureMessages": [],
          "fullName": "Metrics Renders the data and allows for selecting different time ranges and refreshing",
          "location": null,
          "status": "passed",
          "title": "Renders the data and allows for selecting different time ranges and refreshing"
        },
        {
          "ancestorTitles": ["Metrics"],
          "failureMessages": [],
          "fullName": "Metrics shows a call to action to create a topic",
          "location": null,
          "status": "passed",
          "title": "shows a call to action to create a topic"
        }
      ],
      "endTime": 1647955094327,
      "message": "",
      "name": "/Users/riccardoforina/Code/bf2fc6cc711aee1a0c2a/app-services-ui-components/src/Kafka/Metrics/Metrics.test.tsx",
      "startTime": 1647955053744,
      "status": "passed",
      "summary": ""
    }
  ],
  "wasInterrupted": false
}

{"numFailedTestSuites":0,"numFailedTests":0,"numPassedTestSuites":33,"numPassedTests":135,"numPendingTestSuites":0,"numPendingTests":1,"numRuntimeErrorTestSuites":0,"numTodoTests":0,"numTotalTestSuites":33,"numTotalTests":136,"openHandles":[],"snapshot":{"added":0,"didUpdate":false,"failure":false,"filesAdded":0,"filesRemoved":0,"filesRemovedList":[],"filesUnmatched":0,"filesUpdated":0,"matched":28,"total":28,"unchecked":0,"uncheckedKeysByFile":[],"unmatched":0,"updated":0},"startTime":1649629651756,"success":true,"testResults":[{"assertionResults":[{"ancestorTitles":["CreateKafkaInstance"],"failureMessages":[],"fullName":"CreateKafkaInstance should persist ouiaComponentId of create instance button","location":null,"status":"passed","title":"should persist ouiaComponentId of create instance button"},{"ancestorTitles":["CreateKafkaInstance"],"failureMessages":[],"fullName":"CreateKafkaInstance should show a skeleton loader while waiting for the data","location":null,"status":"passed","title":"should show a skeleton loader while waiting for the data"},{"ancestorTitles":["CreateKafkaInstance"],"failureMessages":[],"fullName":"CreateKafkaInstance should show a form for standard instances with no alerts","location":null,"status":"passed","title":"should show a form for standard instances with no alerts"},{"ancestorTitles":["CreateKafkaInstance"],"failureMessages":[],"fullName":"CreateKafkaInstance should show a form for trial instances with an alert and AZ disabled","location":null,"status":"passed","title":"should show a form for trial instances with an alert and AZ disabled"},{"ancestorTitles":["CreateKafkaInstance"],"failureMessages":[],"fullName":"CreateKafkaInstance should show an alert when over quota and a disabled form","location":null,"status":"passed","title":"should show an alert when over quota and a disabled form"},{"ancestorTitles":["CreateKafkaInstance"],"failureMessages":[],"fullName":"CreateKafkaInstance should show an alert when over quota after submitting the form","location":null,"status":"passed","title":"should show an alert when over quota after submitting the form"},{"ancestorTitles":["CreateKafkaInstance"],"failureMessages":[],"fullName":"CreateKafkaInstance should show an alert when trial instances are unavailable, and a disabled form","location":null,"status":"passed","title":"should show an alert when trial instances are unavailable, and a disabled form"},{"ancestorTitles":["CreateKafkaInstance"],"failureMessages":[],"fullName":"CreateKafkaInstance should show an alert when trial instances are unavailable after submitting the form","location":null,"status":"passed","title":"should show an alert when trial instances are unavailable after submitting the form"},{"ancestorTitles":["CreateKafkaInstance"],"failureMessages":[],"fullName":"CreateKafkaInstance should show an alert when a trial instance has been already created, and a disabled form","location":null,"status":"passed","title":"should show an alert when a trial instance has been already created, and a disabled form"},{"ancestorTitles":["CreateKafkaInstance"],"failureMessages":[],"fullName":"CreateKafkaInstance should show 'EU, Ireland' as disabled","location":null,"status":"passed","title":"should show 'EU, Ireland' as disabled"},{"ancestorTitles":["CreateKafkaInstance"],"failureMessages":[],"fullName":"CreateKafkaInstance should show an alert when all cloud regions are disabled, and a disabled form","location":null,"status":"passed","title":"should show an alert when all cloud regions are disabled, and a disabled form"},{"ancestorTitles":["CreateKafkaInstance"],"failureMessages":[],"fullName":"CreateKafkaInstance should show a disabled 'No regions available' for AWS","location":null,"status":"passed","title":"should show a disabled 'No regions available' for AWS"},{"ancestorTitles":["CreateKafkaInstance"],"failureMessages":[],"fullName":"CreateKafkaInstance should show an alert when no cloud region is available, and a disabled form","location":null,"status":"passed","title":"should show an alert when no cloud region is available, and a disabled form"},{"ancestorTitles":["CreateKafkaInstance"],"failureMessages":[],"fullName":"CreateKafkaInstance should show an alert when a generic error contacting the API happened when opening the modal, and a disabled form","location":null,"status":"passed","title":"should show an alert when a generic error contacting the API happened when opening the modal, and a disabled form"},{"ancestorTitles":["CreateKafkaInstance"],"failureMessages":[],"fullName":"CreateKafkaInstance should show a loading spinner in the create button and a disabled form when waiting for the creation","location":null,"status":"passed","title":"should show a loading spinner in the create button and a disabled form when waiting for the creation"},{"ancestorTitles":["CreateKafkaInstance"],"failureMessages":[],"fullName":"CreateKafkaInstance should show a error alert if the instance name is already taken","location":null,"status":"passed","title":"should show a error alert if the instance name is already taken"},{"ancestorTitles":["CreateKafkaInstance"],"failureMessages":[],"fullName":"CreateKafkaInstance should show a error alert if an error occurred while processing the creation","location":null,"status":"passed","title":"should show a error alert if an error occurred while processing the creation"},{"ancestorTitles":["CreateKafkaInstance"],"failureMessages":[],"fullName":"CreateKafkaInstance should show highlight all fields as invalid","location":null,"status":"passed","title":"should show highlight all fields as invalid"},{"ancestorTitles":["CreateKafkaInstance"],"failureMessages":[],"fullName":"CreateKafkaInstance should show the right default cloud provider","location":null,"status":"passed","title":"should show the right default cloud provider"},{"ancestorTitles":["CreateKafkaInstance"],"failureMessages":[],"fullName":"CreateKafkaInstance should show a single cloud provider","location":null,"status":"passed","title":"should show a single cloud provider"},{"ancestorTitles":["CreateKafkaInstance"],"failureMessages":[],"fullName":"CreateKafkaInstance should show both AZ enabled","location":null,"status":"passed","title":"should show both AZ enabled"},{"ancestorTitles":["CreateKafkaInstance"],"failureMessages":[],"fullName":"CreateKafkaInstance should show both only Single AZ enabled","location":null,"status":"passed","title":"should show both only Single AZ enabled"},{"ancestorTitles":["CreateKafkaInstance"],"failureMessages":[],"fullName":"CreateKafkaInstance should work with no defaults","location":null,"status":"passed","title":"should work with no defaults"}],"endTime":1649629670126,"message":"","name":"/Users/sdhaliwa/Desktop/app-services-ui-components/src/Kafka/CreateKafkaInstance/CreateKafkaInstance.test.tsx","startTime":1649629652759,"status":"passed","summary":""},{"assertionResults":[{"ancestorTitles":["Consumer group table"],"failureMessages":[],"fullName":"Consumer group table Consumer group table at kafka level should have kebab menu","location":null,"status":"passed","title":"Consumer group table at kafka level should have kebab menu"},{"ancestorTitles":["Consumer group table"],"failureMessages":[],"fullName":"Consumer group table Consumer group table at topic level should not have kebab menu","location":null,"status":"passed","title":"Consumer group table at topic level should not have kebab menu"},{"ancestorTitles":["Consumer group table"],"failureMessages":[],"fullName":"Consumer group table Consumer group table sorted in ascending order based on consumer group id","location":null,"status":"passed","title":"Consumer group table sorted in ascending order based on consumer group id"},{"ancestorTitles":["Consumer group table"],"failureMessages":[],"fullName":"Consumer group table Consumer group table sorted in descending order based on consumer group id","location":null,"status":"passed","title":"Consumer group table sorted in descending order based on consumer group id"},{"ancestorTitles":["Consumer group table"],"failureMessages":[],"fullName":"Consumer group table on click action on the kebab menu","location":null,"status":"passed","title":"on click action on the kebab menu"}],"endTime":1649629671395,"message":"","name":"/Users/sdhaliwa/Desktop/app-services-ui-components/src/Kafka/ConsumerGroups/components/ConsumerGroupTable.test.tsx","startTime":1649629670165,"status":"passed","summary":""},{"assertionResults":[{"ancestorTitles":["ResourceTypeOperationFilter"],"failureMessages":[],"fullName":"ResourceTypeOperationFilter should render acls treeview with no items checked and expanded","location":null,"status":"passed","title":"should render acls treeview with no items checked and expanded"},{"ancestorTitles":["ResourceTypeOperationFilter"],"failureMessages":[],"fullName":"ResourceTypeOperationFilter should some items checked by default","location":null,"status":"passed","title":"should some items checked by default"},{"ancestorTitles":["ResourceTypeOperationFilter"],"failureMessages":[],"fullName":"ResourceTypeOperationFilter should checked all the items of each category","location":null,"status":"passed","title":"should checked all the items of each category"},{"ancestorTitles":["ResourceTypeOperationFilter"],"failureMessages":[],"fullName":"ResourceTypeOperationFilter should item checked and expand, collaped based on user iteraction","location":null,"status":"pending","title":"should item checked and expand, collaped based on user iteraction"}],"endTime":1649629673170,"message":"","name":"/Users/sdhaliwa/Desktop/app-services-ui-components/src/Kafka/ManageKafkaPermissions/components/ResourceTypeOperationFilter.test.tsx","startTime":1649629671407,"status":"passed","summary":""},{"assertionResults":[{"ancestorTitles":["KafkaInstanceStatus"],"failureMessages":[],"fullName":"KafkaInstanceStatus Accepted","location":null,"status":"passed","title":"Accepted"},{"ancestorTitles":["KafkaInstanceStatus"],"failureMessages":[],"fullName":"KafkaInstanceStatus Provisioning","location":null,"status":"passed","title":"Provisioning"},{"ancestorTitles":["KafkaInstanceStatus"],"failureMessages":[],"fullName":"KafkaInstanceStatus Preparing","location":null,"status":"passed","title":"Preparing"},{"ancestorTitles":["KafkaInstanceStatus"],"failureMessages":[],"fullName":"KafkaInstanceStatus More than 15 minutes","location":null,"status":"passed","title":"More than 15 minutes"},{"ancestorTitles":["KafkaInstanceStatus"],"failureMessages":[],"fullName":"KafkaInstanceStatus More than 30 minutes","location":null,"status":"passed","title":"More than 30 minutes"},{"ancestorTitles":["KafkaInstanceStatus"],"failureMessages":[],"fullName":"KafkaInstanceStatus Deprovision/Deleting","location":null,"status":"passed","title":"Deprovision/Deleting"},{"ancestorTitles":["KafkaInstanceStatus"],"failureMessages":[],"fullName":"KafkaInstanceStatus Deprovision/Deleting","location":null,"status":"passed","title":"Deprovision/Deleting"},{"ancestorTitles":["KafkaInstanceStatus"],"failureMessages":[],"fullName":"KafkaInstanceStatus Degraded","location":null,"status":"passed","title":"Degraded"}],"endTime":1649629675050,"message":"","name":"/Users/sdhaliwa/Desktop/app-services-ui-components/src/Kafka/KafkaInstanceStatus/KafkaInstanceStatus.test.tsx","startTime":1649629673185,"status":"passed","summary":""},{"assertionResults":[{"ancestorTitles":["Resource type"],"failureMessages":[],"fullName":"Resource type should render a select component for resource type","location":null,"status":"passed","title":"should render a select component for resource type"},{"ancestorTitles":["Resource type"],"failureMessages":[],"fullName":"Resource type should show a select component for resource type with validation error ","location":null,"status":"passed","title":"should show a select component for resource type with validation error "},{"ancestorTitles":["Resource type"],"failureMessages":[],"fullName":"Resource type should show a select component for resource type with a valid value selected ","location":null,"status":"passed","title":"should show a select component for resource type with a valid value selected "}],"endTime":1649629675941,"message":"","name":"/Users/sdhaliwa/Desktop/app-services-ui-components/src/Kafka/ManageKafkaPermissions/components/ResourceOperation.test.tsx","startTime":1649629675062,"status":"passed","summary":""},{"assertionResults":[{"ancestorTitles":["Select Account"],"failureMessages":[],"fullName":"Select Account should render a select component","location":null,"status":"passed","title":"should render a select component"},{"ancestorTitles":["Select Account"],"failureMessages":[],"fullName":"Select Account should show empty list of options","location":null,"status":"passed","title":"should show empty list of options"},{"ancestorTitles":["Select Account"],"failureMessages":[],"fullName":"Select Account should show list of service accounts while showing empty user accounts","location":null,"status":"passed","title":"should show list of service accounts while showing empty user accounts"},{"ancestorTitles":["Select Account"],"failureMessages":[],"fullName":"Select Account should show list of user accounts while showing empty service accounts","location":null,"status":"passed","title":"should show list of user accounts while showing empty service accounts"},{"ancestorTitles":["Select Account"],"failureMessages":[],"fullName":"Select Account should show a select component ","location":null,"status":"passed","title":"should show a select component "}],"endTime":1649629677844,"message":"","name":"/Users/sdhaliwa/Desktop/app-services-ui-components/src/Kafka/ManageKafkaPermissions/components/SelectAccount.test.tsx","startTime":1649629675952,"status":"passed","summary":""},{"assertionResults":[{"ancestorTitles":["StatusPopover"],"failureMessages":[],"fullName":"StatusPopover Step 0","location":null,"status":"passed","title":"Step 0"},{"ancestorTitles":["StatusPopover"],"failureMessages":[],"fullName":"StatusPopover Step 1","location":null,"status":"passed","title":"Step 1"},{"ancestorTitles":["StatusPopover"],"failureMessages":[],"fullName":"StatusPopover Step 2","location":null,"status":"passed","title":"Step 2"},{"ancestorTitles":["StatusPopover"],"failureMessages":[],"fullName":"StatusPopover More than 15 minutes","location":null,"status":"passed","title":"More than 15 minutes"},{"ancestorTitles":["StatusPopover"],"failureMessages":[],"fullName":"StatusPopover More than 30 minutes","location":null,"status":"passed","title":"More than 30 minutes"}],"endTime":1649629678844,"message":"","name":"/Users/sdhaliwa/Desktop/app-services-ui-components/src/Kafka/KafkaInstanceStatus/components/StatusPopover/StatusPopover.test.tsx","startTime":1649629677856,"status":"passed","summary":""},{"assertionResults":[{"ancestorTitles":["DeleteModal"],"failureMessages":[],"fullName":"DeleteModal SynchronousDelete - can delete","location":null,"status":"passed","title":"SynchronousDelete - can delete"},{"ancestorTitles":["DeleteModal"],"failureMessages":[],"fullName":"DeleteModal SynchronousDelete - can cancel","location":null,"status":"passed","title":"SynchronousDelete - can cancel"},{"ancestorTitles":["DeleteModal"],"failureMessages":[],"fullName":"DeleteModal SynchronousDeleteWithError","location":null,"status":"passed","title":"SynchronousDeleteWithError"},{"ancestorTitles":["DeleteModal"],"failureMessages":[],"fullName":"DeleteModal SynchronousDeleteWithConfirmation","location":null,"status":"passed","title":"SynchronousDeleteWithConfirmation"},{"ancestorTitles":["DeleteModal"],"failureMessages":[],"fullName":"DeleteModal AsynchronousDelete - delete button disabled after clicking","location":null,"status":"passed","title":"AsynchronousDelete - delete button disabled after clicking"},{"ancestorTitles":["DeleteModal"],"failureMessages":[],"fullName":"DeleteModal AsynchronousDelete - can retry in case of error","location":null,"status":"passed","title":"AsynchronousDelete - can retry in case of error"},{"ancestorTitles":["DeleteModal"],"failureMessages":[],"fullName":"DeleteModal AsynchronousDelete - can delete","location":null,"status":"passed","title":"AsynchronousDelete - can delete"}],"endTime":1649629681716,"message":"","name":"/Users/sdhaliwa/Desktop/app-services-ui-components/src/shared/DeleteModal/DeleteModal.test.tsx","startTime":1649629678853,"status":"passed","summary":""},{"assertionResults":[{"ancestorTitles":["Resource type"],"failureMessages":[],"fullName":"Resource type should render a select component for resource type","location":null,"status":"passed","title":"should render a select component for resource type"},{"ancestorTitles":["Resource type"],"failureMessages":[],"fullName":"Resource type should show a select component for resource type with validation error ","location":null,"status":"passed","title":"should show a select component for resource type with validation error "},{"ancestorTitles":["Resource type"],"failureMessages":[],"fullName":"Resource type should show a select component for resource type with a valid value selected ","location":null,"status":"passed","title":"should show a select component for resource type with a valid value selected "}],"endTime":1649629682550,"message":"","name":"/Users/sdhaliwa/Desktop/app-services-ui-components/src/Kafka/ManageKafkaPermissions/components/ResourceType.test.tsx","startTime":1649629681727,"status":"passed","summary":""},{"assertionResults":[{"ancestorTitles":["Async typeahead"],"failureMessages":[],"fullName":"Async typeahead should render a select with async typeahead suggestions","location":null,"status":"passed","title":"should render a select with async typeahead suggestions"},{"ancestorTitles":["Async typeahead"],"failureMessages":[],"fullName":"Async typeahead should render a select with a valid value selected","location":null,"status":"passed","title":"should render a select with a valid value selected"},{"ancestorTitles":["Async typeahead"],"failureMessages":[],"fullName":"Async typeahead should show a custom placeholder","location":null,"status":"passed","title":"should show a custom placeholder"},{"ancestorTitles":["Async typeahead"],"failureMessages":[],"fullName":"Async typeahead should show a loading spinner when typeahead suggestions are loading ","location":null,"status":"passed","title":"should show a loading spinner when typeahead suggestions are loading "},{"ancestorTitles":["Async typeahead"],"failureMessages":[],"fullName":"Async typeahead should show a creatable typeahead suggestion","location":null,"status":"passed","title":"should show a creatable typeahead suggestion"}],"endTime":1649629683697,"message":"","name":"/Users/sdhaliwa/Desktop/app-services-ui-components/src/shared/AsyncTypeaheadSelect/AsyncTypeaheadSelect.test.tsx","startTime":1649629682558,"status":"passed","summary":""},{"assertionResults":[{"ancestorTitles":["ReviewPermissionsTable"],"failureMessages":[],"fullName":"ReviewPermissionsTable should render review table with data for 'all accounts'","location":null,"status":"passed","title":"should render review table with data for 'all accounts'"},{"ancestorTitles":["ReviewPermissionsTable"],"failureMessages":[],"fullName":"ReviewPermissionsTable should render review table with selected account and should not have delete button for 'all accounts' rows","location":null,"status":"passed","title":"should render review table with selected account and should not have delete button for 'all accounts' rows"},{"ancestorTitles":["ReviewPermissionsTable"],"failureMessages":[],"fullName":"ReviewPermissionsTable should delete row for 'all accounts' review","location":null,"status":"passed","title":"should delete row for 'all accounts' review"}],"endTime":1649629684844,"message":"","name":"/Users/sdhaliwa/Desktop/app-services-ui-components/src/Kafka/ManageKafkaPermissions/components/ReviewPermissionsTable.test.tsx","startTime":1649629683706,"status":"passed","summary":""},{"assertionResults":[{"ancestorTitles":["Metrics"],"failureMessages":[],"fullName":"Metrics Renders the data and allows for selecting different time ranges and refreshing","location":null,"status":"passed","title":"Renders the data and allows for selecting different time ranges and refreshing"},{"ancestorTitles":["Metrics"],"failureMessages":[],"fullName":"Metrics shows a call to action to create a topic","location":null,"status":"passed","title":"shows a call to action to create a topic"}],"endTime":1649629690402,"message":"","name":"/Users/sdhaliwa/Desktop/app-services-ui-components/src/Kafka/Metrics/Metrics.test.tsx","startTime":1649629684854,"status":"passed","summary":""},{"assertionResults":[{"ancestorTitles":["PermissionsDropdown"],"failureMessages":[],"fullName":"PermissionsDropdown can click on the add permission directly","location":null,"status":"passed","title":"can click on the add permission directly"},{"ancestorTitles":["PermissionsDropdown"],"failureMessages":[],"fullName":"PermissionsDropdown can open the menu and click its options","location":null,"status":"passed","title":"can open the menu and click its options"}],"endTime":1649629691029,"message":"","name":"/Users/sdhaliwa/Desktop/app-services-ui-components/src/Kafka/ManageKafkaPermissions/components/PermissionsDropdown.test.tsx","startTime":1649629690413,"status":"passed","summary":""},{"assertionResults":[{"ancestorTitles":["Resource type"],"failureMessages":[],"fullName":"Resource type should render a select component for resource prefix rule","location":null,"status":"passed","title":"should render a select component for resource prefix rule"},{"ancestorTitles":["Resource type"],"failureMessages":[],"fullName":"Resource type should show a select component for resource prefix rule in initial state ","location":null,"status":"passed","title":"should show a select component for resource prefix rule in initial state "}],"endTime":1649629691752,"message":"","name":"/Users/sdhaliwa/Desktop/app-services-ui-components/src/Kafka/ManageKafkaPermissions/components/ResourcePrefixRule.test.tsx","startTime":1649629691040,"status":"passed","summary":""},{"assertionResults":[{"ancestorTitles":["Resource type"],"failureMessages":[],"fullName":"Resource type should render a select component for resource permission","location":null,"status":"passed","title":"should render a select component for resource permission"},{"ancestorTitles":["Resource type"],"failureMessages":[],"fullName":"Resource type should show a select component for resource type in initial state ","location":null,"status":"passed","title":"should show a select component for resource type in initial state "}],"endTime":1649629692451,"message":"","name":"/Users/sdhaliwa/Desktop/app-services-ui-components/src/Kafka/ManageKafkaPermissions/components/ResourcePermission.test.tsx","startTime":1649629691760,"status":"passed","summary":""},{"assertionResults":[{"ancestorTitles":["Consumer group details"],"failureMessages":[],"fullName":"Consumer group details Consumer group table should include a topic column at kafka level","location":null,"status":"passed","title":"Consumer group table should include a topic column at kafka level"},{"ancestorTitles":["Consumer group details"],"failureMessages":[],"fullName":"Consumer group details Consumer group table should not include a topic column at topic level","location":null,"status":"passed","title":"Consumer group table should not include a topic column at topic level"},{"ancestorTitles":["Consumer group details"],"failureMessages":[],"fullName":"Consumer group details Consumer group with no active consumers","location":null,"status":"passed","title":"Consumer group with no active consumers"},{"ancestorTitles":["Consumer group details"],"failureMessages":[],"fullName":"Consumer group details Consumer group with 2 active consumers members","location":null,"status":"passed","title":"Consumer group with 2 active consumers members"}],"endTime":1649629693415,"message":"","name":"/Users/sdhaliwa/Desktop/app-services-ui-components/src/Kafka/ConsumerGroups/components/ConsumerGroupDetails.test.tsx","startTime":1649629692460,"status":"passed","summary":""},{"assertionResults":[{"ancestorTitles":["Consumer group state label"],"failureMessages":[],"fullName":"Consumer group state label On select Completing Rebalance state","location":null,"status":"passed","title":"On select Completing Rebalance state"},{"ancestorTitles":["Consumer group state label"],"failureMessages":[],"fullName":"Consumer group state label On select Empty state","location":null,"status":"passed","title":"On select Empty state"},{"ancestorTitles":["Consumer group state label"],"failureMessages":[],"fullName":"Consumer group state label On select Stable state","location":null,"status":"passed","title":"On select Stable state"},{"ancestorTitles":["Consumer group state label"],"failureMessages":[],"fullName":"Consumer group state label On select preparing rebalance state","location":null,"status":"passed","title":"On select preparing rebalance state"},{"ancestorTitles":["Consumer group state label"],"failureMessages":[],"fullName":"Consumer group state label On select Unknown state","location":null,"status":"passed","title":"On select Unknown state"},{"ancestorTitles":["Consumer group state label"],"failureMessages":[],"fullName":"Consumer group state label On select dead state","location":null,"status":"passed","title":"On select dead state"}],"endTime":1649629693728,"message":"","name":"/Users/sdhaliwa/Desktop/app-services-ui-components/src/Kafka/ConsumerGroups/components/ConsumerGroupState.test.tsx","startTime":1649629693424,"status":"passed","summary":""},{"assertionResults":[{"ancestorTitles":["FormatDate"],"failureMessages":[],"fullName":"FormatDate RightNow","location":null,"status":"passed","title":"RightNow"},{"ancestorTitles":["FormatDate"],"failureMessages":[],"fullName":"FormatDate AFewMinutesNow","location":null,"status":"passed","title":"AFewMinutesNow"},{"ancestorTitles":["FormatDate"],"failureMessages":[],"fullName":"FormatDate OneHourAgo","location":null,"status":"passed","title":"OneHourAgo"},{"ancestorTitles":["FormatDate"],"failureMessages":[],"fullName":"FormatDate OneDayAgo","location":null,"status":"passed","title":"OneDayAgo"},{"ancestorTitles":["FormatDate"],"failureMessages":[],"fullName":"FormatDate OneMonthAgo","location":null,"status":"passed","title":"OneMonthAgo"},{"ancestorTitles":["FormatDate"],"failureMessages":[],"fullName":"FormatDate OneYearAgo","location":null,"status":"passed","title":"OneYearAgo"},{"ancestorTitles":["FormatDate"],"failureMessages":[],"fullName":"FormatDate CustomFormat","location":null,"status":"passed","title":"CustomFormat"},{"ancestorTitles":["FormatDate"],"failureMessages":[],"fullName":"FormatDate TimeToExpiry","location":null,"status":"passed","title":"TimeToExpiry"}],"endTime":1649629694098,"message":"","name":"/Users/sdhaliwa/Desktop/app-services-ui-components/src/shared/FormatDate/FormatDate.test.tsx","startTime":1649629693737,"status":"passed","summary":""},{"assertionResults":[{"ancestorTitles":["ManagePermissionsModal"],"failureMessages":[],"fullName":"ManagePermissionsModal should render a modal with a title and a select component","location":null,"status":"passed","title":"should render a modal with a title and a select component"}],"endTime":1649629695201,"message":"","name":"/Users/sdhaliwa/Desktop/app-services-ui-components/src/Kafka/ManageKafkaPermissions/ManageKafkaPermisions.test.tsx","startTime":1649629694108,"status":"passed","summary":""},{"assertionResults":[{"ancestorTitles":["CardKafkaInstanceMetrics"],"failureMessages":[],"fullName":"CardKafkaInstanceMetrics should show a disabled toolbar and an help message for missing metrics","location":null,"status":"passed","title":"should show a disabled toolbar and an help message for missing metrics"},{"ancestorTitles":["CardKafkaInstanceMetrics"],"failureMessages":[],"fullName":"CardKafkaInstanceMetrics should show loading skeletons for the charts when updating data after initial load","location":null,"status":"passed","title":"should show loading skeletons for the charts when updating data after initial load"},{"ancestorTitles":["CardKafkaInstanceMetrics"],"failureMessages":[],"fullName":"CardKafkaInstanceMetrics should properly a single spinner at initial load","location":null,"status":"passed","title":"should properly a single spinner at initial load"}],"endTime":1649629696215,"message":"","name":"/Users/sdhaliwa/Desktop/app-services-ui-components/src/Kafka/Metrics/components/CardKafkaInstanceMetrics.test.tsx","startTime":1649629695210,"status":"passed","summary":""},{"assertionResults":[{"ancestorTitles":["Consumer group Drawer"],"failureMessages":[],"fullName":"Consumer group Drawer verify on click action on the kebab menu","location":null,"status":"passed","title":"verify on click action on the kebab menu"}],"endTime":1649629697153,"message":"","name":"/Users/sdhaliwa/Desktop/app-services-ui-components/src/Kafka/ConsumerGroups/components/ConsumerGroupDrawer.test.tsx","startTime":1649629696224,"status":"passed","summary":""},{"assertionResults":[{"ancestorTitles":["Consumer group Toolbar"],"failureMessages":[],"fullName":"Consumer group Toolbar Search button will be disabled when input is not provided","location":null,"status":"passed","title":"Search button will be disabled when input is not provided"},{"ancestorTitles":["Consumer group Toolbar"],"failureMessages":[],"fullName":"Consumer group Toolbar Enable search button when the input text is provided","location":null,"status":"passed","title":"Enable search button when the input text is provided"}],"endTime":1649629698174,"message":"","name":"/Users/sdhaliwa/Desktop/app-services-ui-components/src/Kafka/ConsumerGroups/components/ConsumerGroupToolbar.test.tsx","startTime":1649629697163,"status":"passed","summary":""},{"assertionResults":[{"ancestorTitles":["InstanceInfo"],"failureMessages":[],"fullName":"InstanceInfo Renders Loading story","location":null,"status":"passed","title":"Renders Loading story"},{"ancestorTitles":["InstanceInfo"],"failureMessages":[],"fullName":"InstanceInfo Renders QuotaInstance story","location":null,"status":"passed","title":"Renders QuotaInstance story"},{"ancestorTitles":["InstanceInfo"],"failureMessages":[],"fullName":"InstanceInfo Renders TrialInstance story","location":null,"status":"passed","title":"Renders TrialInstance story"},{"ancestorTitles":["InstanceInfo"],"failureMessages":[],"fullName":"InstanceInfo should show only a skeleton and a link to the quick start guides when loading","location":null,"status":"passed","title":"should show only a skeleton and a link to the quick start guides when loading"}],"endTime":1649629698707,"message":"","name":"/Users/sdhaliwa/Desktop/app-services-ui-components/src/Kafka/CreateKafkaInstance/components/InstanceInfo.test.tsx","startTime":1649629698184,"status":"passed","summary":""},{"assertionResults":[{"ancestorTitles":["ConnectionTab"],"failureMessages":[],"fullName":"ConnectionTab renders","location":null,"status":"passed","title":"renders"},{"ancestorTitles":["ConnectionTab"],"failureMessages":[],"fullName":"ConnectionTab should render bootstrap server and Token endpoint URL value when kafka instance creation is done","location":null,"status":"passed","title":"should render bootstrap server and Token endpoint URL value when kafka instance creation is done"},{"ancestorTitles":["ConnectionTab"],"failureMessages":[],"fullName":"ConnectionTab bootstrap server and Token endpoint URL should be disabled when the kafka creating is pending","location":null,"status":"passed","title":"bootstrap server and Token endpoint URL should be disabled when the kafka creating is pending"}],"endTime":1649629699580,"message":"","name":"/Users/sdhaliwa/Desktop/app-services-ui-components/src/Kafka/KafkaInstanceDrawer/kafkaConnectionTab.test.tsx","startTime":1649629698716,"status":"passed","summary":""},{"assertionResults":[{"ancestorTitles":["OverviewPage"],"failureMessages":[],"fullName":"OverviewPage renders","location":null,"status":"passed","title":"renders"}],"endTime":1649629700478,"message":"","name":"/Users/sdhaliwa/Desktop/app-services-ui-components/src/AppServices/OverviewPage/OverviewPage.test.tsx","startTime":1649629699589,"status":"passed","summary":""},{"assertionResults":[{"ancestorTitles":["DataSciencePage"],"failureMessages":[],"fullName":"DataSciencePage renders","location":null,"status":"passed","title":"renders"}],"endTime":1649629700989,"message":"","name":"/Users/sdhaliwa/Desktop/app-services-ui-components/src/AppServices/DataSciencePage/DataSciencePage.test.tsx","startTime":1649629700491,"status":"passed","summary":""},{"assertionResults":[{"ancestorTitles":[],"failureMessages":[],"fullName":"Renders Accepted story","location":null,"status":"passed","title":"Renders Accepted story"},{"ancestorTitles":[],"failureMessages":[],"fullName":"Renders AllStatutesAtOnce story","location":null,"status":"passed","title":"Renders AllStatutesAtOnce story"},{"ancestorTitles":[],"failureMessages":[],"fullName":"Renders CreatingOver15Minutes story","location":null,"status":"passed","title":"Renders CreatingOver15Minutes story"},{"ancestorTitles":[],"failureMessages":[],"fullName":"Renders CreatingOver30Minutes story","location":null,"status":"passed","title":"Renders CreatingOver30Minutes story"},{"ancestorTitles":[],"failureMessages":[],"fullName":"Renders Degraded story","location":null,"status":"passed","title":"Renders Degraded story"},{"ancestorTitles":[],"failureMessages":[],"fullName":"Renders Deleting story","location":null,"status":"passed","title":"Renders Deleting story"},{"ancestorTitles":[],"failureMessages":[],"fullName":"Renders Deprovision story","location":null,"status":"passed","title":"Renders Deprovision story"},{"ancestorTitles":[],"failureMessages":[],"fullName":"Renders Preparing story","location":null,"status":"passed","title":"Renders Preparing story"},{"ancestorTitles":[],"failureMessages":[],"fullName":"Renders Provisioning story","location":null,"status":"passed","title":"Renders Provisioning story"},{"ancestorTitles":[],"failureMessages":[],"fullName":"Renders Ready story","location":null,"status":"passed","title":"Renders Ready story"}],"endTime":1649629701573,"message":"","name":"/Users/sdhaliwa/Desktop/app-services-ui-components/src/Kafka/KafkaInstanceStatus/components/StatusLabel/StatusLabel.test.tsx","startTime":1649629700998,"status":"passed","summary":""},{"assertionResults":[{"ancestorTitles":["Remove Button component"],"failureMessages":[],"fullName":"Remove Button component on Click remove button","location":null,"status":"passed","title":"on Click remove button"}],"endTime":1649629702306,"message":"","name":"/Users/sdhaliwa/Desktop/app-services-ui-components/src/shared/RemoveButton/RemoveButton.test.tsx","startTime":1649629701583,"status":"passed","summary":""},{"assertionResults":[{"ancestorTitles":[],"failureMessages":[],"fullName":"Renders HideDevPreview story","location":null,"status":"passed","title":"Renders HideDevPreview story"},{"ancestorTitles":[],"failureMessages":[],"fullName":"Renders ShowDevPreview story","location":null,"status":"passed","title":"Renders ShowDevPreview story"}],"endTime":1649629702773,"message":"","name":"/Users/sdhaliwa/Desktop/app-services-ui-components/src/shared/DevelopmentPreview/DevelopmentPreview.test.tsx","startTime":1649629702321,"status":"passed","summary":""},{"assertionResults":[{"ancestorTitles":[],"failureMessages":[],"fullName":"Renders Default story","location":null,"status":"passed","title":"Renders Default story"},{"ancestorTitles":[],"failureMessages":[],"fullName":"Renders Getting Started story","location":null,"status":"passed","title":"Renders Getting Started story"},{"ancestorTitles":[],"failureMessages":[],"fullName":"Renders No Access story","location":null,"status":"passed","title":"Renders No Access story"},{"ancestorTitles":[],"failureMessages":[],"fullName":"Renders No Items story","location":null,"status":"passed","title":"Renders No Items story"},{"ancestorTitles":[],"failureMessages":[],"fullName":"Renders No Result story","location":null,"status":"passed","title":"Renders No Result story"},{"ancestorTitles":[],"failureMessages":[],"fullName":"Renders Page Not Found story","location":null,"status":"passed","title":"Renders Page Not Found story"},{"ancestorTitles":[],"failureMessages":[],"fullName":"Renders Unexpected Error story","location":null,"status":"passed","title":"Renders Unexpected Error story"}],"endTime":1649629703267,"message":"","name":"/Users/sdhaliwa/Desktop/app-services-ui-components/src/shared/EmptyState/EmptyState.test.tsx","startTime":1649629702783,"status":"passed","summary":""},{"assertionResults":[{"ancestorTitles":["Consumer Group empty state"],"failureMessages":[],"fullName":"Consumer Group empty state renders","location":null,"status":"passed","title":"renders"}],"endTime":1649629703748,"message":"","name":"/Users/sdhaliwa/Desktop/app-services-ui-components/src/Kafka/ConsumerGroups/components/ConsumerGroupEmptyState.test.tsx","startTime":1649629703276,"status":"passed","summary":""},{"assertionResults":[{"ancestorTitles":["ApiManagementPage"],"failureMessages":[],"fullName":"ApiManagementPage renders","location":null,"status":"passed","title":"renders"}],"endTime":1649629704263,"message":"","name":"/Users/sdhaliwa/Desktop/app-services-ui-components/src/AppServices/APIManagement/ApiManagementPage.test.tsx","startTime":1649629703756,"status":"passed","summary":""},{"assertionResults":[{"ancestorTitles":["KafkaPage"],"failureMessages":[],"fullName":"KafkaPage renders","location":null,"status":"passed","title":"renders"}],"endTime":1649629704755,"message":"","name":"/Users/sdhaliwa/Desktop/app-services-ui-components/src/AppServices/KafkaPage/KafkaPage.test.tsx","startTime":1649629704272,"status":"passed","summary":""}],"wasInterrupted":false}
